Arguments: 
  /usr/local/bin/node /usr/local/bin/yarn add global rollup

PATH: 
  /usr/local/bin:/usr/bin:/bin:/usr/sbin:/sbin

Yarn version: 
  1.3.2

Node version: 
  11.2.0

Platform: 
  darwin x64

npm manifest: 
  {
    "name": "webpack-demo",
    "version": "1.0.0",
    "description": "",
    "main": "index.js",
    "scripts": {
      "build": "./node_modules/.bin/webpack --progress --config webpack.config.js",
      "test": "echo \"Error: no test specified\" && exit 1"
    },
    "keywords": [],
    "author": "",
    "license": "ISC",
    "devDependencies": {
      "@babel/core": "^7.13.8",
      "@babel/preset-env": "^7.13.9",
      "babel-loader": "^8.2.2",
      "babel-plugin-dynamic-import-webpack": "^1.1.0",
      "clean-webpack-plugin": "^3.0.0",
      "webpack": "^5.24.3",
      "webpack-cli": "^4.5.0"
    },
    "babel": {
      "presets": [
        "@babel/preset-env"
      ]
    }
  }

yarn manifest: 
  No manifest

Lockfile: 
  # THIS IS AN AUTOGENERATED FILE. DO NOT EDIT THIS FILE DIRECTLY.
  # yarn lockfile v1
  
  
  "@babel/code-frame@^7.12.13":
    version "7.12.13"
    resolved "https://registry.yarnpkg.com/@babel/code-frame/-/code-frame-7.12.13.tgz#dcfc826beef65e75c50e21d3837d7d95798dd658"
    dependencies:
      "@babel/highlight" "^7.12.13"
  
  "@babel/compat-data@^7.13.0", "@babel/compat-data@^7.13.8":
    version "7.13.8"
    resolved "https://registry.yarnpkg.com/@babel/compat-data/-/compat-data-7.13.8.tgz#5b783b9808f15cef71547f1b691f34f8ff6003a6"
  
  "@babel/core@^7.13.8":
    version "7.13.8"
    resolved "https://registry.yarnpkg.com/@babel/core/-/core-7.13.8.tgz#c191d9c5871788a591d69ea1dc03e5843a3680fb"
    dependencies:
      "@babel/code-frame" "^7.12.13"
      "@babel/generator" "^7.13.0"
      "@babel/helper-compilation-targets" "^7.13.8"
      "@babel/helper-module-transforms" "^7.13.0"
      "@babel/helpers" "^7.13.0"
      "@babel/parser" "^7.13.4"
      "@babel/template" "^7.12.13"
      "@babel/traverse" "^7.13.0"
      "@babel/types" "^7.13.0"
      convert-source-map "^1.7.0"
      debug "^4.1.0"
      gensync "^1.0.0-beta.2"
      json5 "^2.1.2"
      lodash "^4.17.19"
      semver "^6.3.0"
      source-map "^0.5.0"
  
  "@babel/generator@^7.13.0":
    version "7.13.9"
    resolved "https://registry.yarnpkg.com/@babel/generator/-/generator-7.13.9.tgz#3a7aa96f9efb8e2be42d38d80e2ceb4c64d8de39"
    dependencies:
      "@babel/types" "^7.13.0"
      jsesc "^2.5.1"
      source-map "^0.5.0"
  
  "@babel/helper-annotate-as-pure@^7.12.13":
    version "7.12.13"
    resolved "https://registry.yarnpkg.com/@babel/helper-annotate-as-pure/-/helper-annotate-as-pure-7.12.13.tgz#0f58e86dfc4bb3b1fcd7db806570e177d439b6ab"
    dependencies:
      "@babel/types" "^7.12.13"
  
  "@babel/helper-builder-binary-assignment-operator-visitor@^7.12.13":
    version "7.12.13"
    resolved "https://registry.yarnpkg.com/@babel/helper-builder-binary-assignment-operator-visitor/-/helper-builder-binary-assignment-operator-visitor-7.12.13.tgz#6bc20361c88b0a74d05137a65cac8d3cbf6f61fc"
    dependencies:
      "@babel/helper-explode-assignable-expression" "^7.12.13"
      "@babel/types" "^7.12.13"
  
  "@babel/helper-compilation-targets@^7.13.0", "@babel/helper-compilation-targets@^7.13.8":
    version "7.13.8"
    resolved "https://registry.yarnpkg.com/@babel/helper-compilation-targets/-/helper-compilation-targets-7.13.8.tgz#02bdb22783439afb11b2f009814bdd88384bd468"
    dependencies:
      "@babel/compat-data" "^7.13.8"
      "@babel/helper-validator-option" "^7.12.17"
      browserslist "^4.14.5"
      semver "^6.3.0"
  
  "@babel/helper-create-class-features-plugin@^7.13.0":
    version "7.13.8"
    resolved "https://registry.yarnpkg.com/@babel/helper-create-class-features-plugin/-/helper-create-class-features-plugin-7.13.8.tgz#0367bd0a7505156ce018ca464f7ac91ba58c1a04"
    dependencies:
      "@babel/helper-function-name" "^7.12.13"
      "@babel/helper-member-expression-to-functions" "^7.13.0"
      "@babel/helper-optimise-call-expression" "^7.12.13"
      "@babel/helper-replace-supers" "^7.13.0"
      "@babel/helper-split-export-declaration" "^7.12.13"
  
  "@babel/helper-create-regexp-features-plugin@^7.12.13":
    version "7.12.17"
    resolved "https://registry.yarnpkg.com/@babel/helper-create-regexp-features-plugin/-/helper-create-regexp-features-plugin-7.12.17.tgz#a2ac87e9e319269ac655b8d4415e94d38d663cb7"
    dependencies:
      "@babel/helper-annotate-as-pure" "^7.12.13"
      regexpu-core "^4.7.1"
  
  "@babel/helper-define-polyfill-provider@^0.1.5":
    version "0.1.5"
    resolved "https://registry.yarnpkg.com/@babel/helper-define-polyfill-provider/-/helper-define-polyfill-provider-0.1.5.tgz#3c2f91b7971b9fc11fe779c945c014065dea340e"
    dependencies:
      "@babel/helper-compilation-targets" "^7.13.0"
      "@babel/helper-module-imports" "^7.12.13"
      "@babel/helper-plugin-utils" "^7.13.0"
      "@babel/traverse" "^7.13.0"
      debug "^4.1.1"
      lodash.debounce "^4.0.8"
      resolve "^1.14.2"
      semver "^6.1.2"
  
  "@babel/helper-explode-assignable-expression@^7.12.13":
    version "7.13.0"
    resolved "https://registry.yarnpkg.com/@babel/helper-explode-assignable-expression/-/helper-explode-assignable-expression-7.13.0.tgz#17b5c59ff473d9f956f40ef570cf3a76ca12657f"
    dependencies:
      "@babel/types" "^7.13.0"
  
  "@babel/helper-function-name@^7.12.13":
    version "7.12.13"
    resolved "https://registry.yarnpkg.com/@babel/helper-function-name/-/helper-function-name-7.12.13.tgz#93ad656db3c3c2232559fd7b2c3dbdcbe0eb377a"
    dependencies:
      "@babel/helper-get-function-arity" "^7.12.13"
      "@babel/template" "^7.12.13"
      "@babel/types" "^7.12.13"
  
  "@babel/helper-get-function-arity@^7.12.13":
    version "7.12.13"
    resolved "https://registry.yarnpkg.com/@babel/helper-get-function-arity/-/helper-get-function-arity-7.12.13.tgz#bc63451d403a3b3082b97e1d8b3fe5bd4091e583"
    dependencies:
      "@babel/types" "^7.12.13"
  
  "@babel/helper-hoist-variables@^7.13.0":
    version "7.13.0"
    resolved "https://registry.yarnpkg.com/@babel/helper-hoist-variables/-/helper-hoist-variables-7.13.0.tgz#5d5882e855b5c5eda91e0cadc26c6e7a2c8593d8"
    dependencies:
      "@babel/traverse" "^7.13.0"
      "@babel/types" "^7.13.0"
  
  "@babel/helper-member-expression-to-functions@^7.13.0":
    version "7.13.0"
    resolved "https://registry.yarnpkg.com/@babel/helper-member-expression-to-functions/-/helper-member-expression-to-functions-7.13.0.tgz#6aa4bb678e0f8c22f58cdb79451d30494461b091"
    dependencies:
      "@babel/types" "^7.13.0"
  
  "@babel/helper-module-imports@^7.12.13":
    version "7.12.13"
    resolved "https://registry.yarnpkg.com/@babel/helper-module-imports/-/helper-module-imports-7.12.13.tgz#ec67e4404f41750463e455cc3203f6a32e93fcb0"
    dependencies:
      "@babel/types" "^7.12.13"
  
  "@babel/helper-module-transforms@^7.13.0":
    version "7.13.0"
    resolved "https://registry.yarnpkg.com/@babel/helper-module-transforms/-/helper-module-transforms-7.13.0.tgz#42eb4bd8eea68bab46751212c357bfed8b40f6f1"
    dependencies:
      "@babel/helper-module-imports" "^7.12.13"
      "@babel/helper-replace-supers" "^7.13.0"
      "@babel/helper-simple-access" "^7.12.13"
      "@babel/helper-split-export-declaration" "^7.12.13"
      "@babel/helper-validator-identifier" "^7.12.11"
      "@babel/template" "^7.12.13"
      "@babel/traverse" "^7.13.0"
      "@babel/types" "^7.13.0"
      lodash "^4.17.19"
  
  "@babel/helper-optimise-call-expression@^7.12.13":
    version "7.12.13"
    resolved "https://registry.yarnpkg.com/@babel/helper-optimise-call-expression/-/helper-optimise-call-expression-7.12.13.tgz#5c02d171b4c8615b1e7163f888c1c81c30a2aaea"
    dependencies:
      "@babel/types" "^7.12.13"
  
  "@babel/helper-plugin-utils@^7.0.0", "@babel/helper-plugin-utils@^7.10.4", "@babel/helper-plugin-utils@^7.12.13", "@babel/helper-plugin-utils@^7.13.0", "@babel/helper-plugin-utils@^7.8.0", "@babel/helper-plugin-utils@^7.8.3":
    version "7.13.0"
    resolved "https://registry.yarnpkg.com/@babel/helper-plugin-utils/-/helper-plugin-utils-7.13.0.tgz#806526ce125aed03373bc416a828321e3a6a33af"
  
  "@babel/helper-remap-async-to-generator@^7.13.0":
    version "7.13.0"
    resolved "https://registry.yarnpkg.com/@babel/helper-remap-async-to-generator/-/helper-remap-async-to-generator-7.13.0.tgz#376a760d9f7b4b2077a9dd05aa9c3927cadb2209"
    dependencies:
      "@babel/helper-annotate-as-pure" "^7.12.13"
      "@babel/helper-wrap-function" "^7.13.0"
      "@babel/types" "^7.13.0"
  
  "@babel/helper-replace-supers@^7.12.13", "@babel/helper-replace-supers@^7.13.0":
    version "7.13.0"
    resolved "https://registry.yarnpkg.com/@babel/helper-replace-supers/-/helper-replace-supers-7.13.0.tgz#6034b7b51943094cb41627848cb219cb02be1d24"
    dependencies:
      "@babel/helper-member-expression-to-functions" "^7.13.0"
      "@babel/helper-optimise-call-expression" "^7.12.13"
      "@babel/traverse" "^7.13.0"
      "@babel/types" "^7.13.0"
  
  "@babel/helper-simple-access@^7.12.13":
    version "7.12.13"
    resolved "https://registry.yarnpkg.com/@babel/helper-simple-access/-/helper-simple-access-7.12.13.tgz#8478bcc5cacf6aa1672b251c1d2dde5ccd61a6c4"
    dependencies:
      "@babel/types" "^7.12.13"
  
  "@babel/helper-skip-transparent-expression-wrappers@^7.12.1":
    version "7.12.1"
    resolved "https://registry.yarnpkg.com/@babel/helper-skip-transparent-expression-wrappers/-/helper-skip-transparent-expression-wrappers-7.12.1.tgz#462dc63a7e435ade8468385c63d2b84cce4b3cbf"
    dependencies:
      "@babel/types" "^7.12.1"
  
  "@babel/helper-split-export-declaration@^7.12.13":
    version "7.12.13"
    resolved "https://registry.yarnpkg.com/@babel/helper-split-export-declaration/-/helper-split-export-declaration-7.12.13.tgz#e9430be00baf3e88b0e13e6f9d4eaf2136372b05"
    dependencies:
      "@babel/types" "^7.12.13"
  
  "@babel/helper-validator-identifier@^7.12.11":
    version "7.12.11"
    resolved "https://registry.yarnpkg.com/@babel/helper-validator-identifier/-/helper-validator-identifier-7.12.11.tgz#c9a1f021917dcb5ccf0d4e453e399022981fc9ed"
  
  "@babel/helper-validator-option@^7.12.17":
    version "7.12.17"
    resolved "https://registry.yarnpkg.com/@babel/helper-validator-option/-/helper-validator-option-7.12.17.tgz#d1fbf012e1a79b7eebbfdc6d270baaf8d9eb9831"
  
  "@babel/helper-wrap-function@^7.13.0":
    version "7.13.0"
    resolved "https://registry.yarnpkg.com/@babel/helper-wrap-function/-/helper-wrap-function-7.13.0.tgz#bdb5c66fda8526ec235ab894ad53a1235c79fcc4"
    dependencies:
      "@babel/helper-function-name" "^7.12.13"
      "@babel/template" "^7.12.13"
      "@babel/traverse" "^7.13.0"
      "@babel/types" "^7.13.0"
  
  "@babel/helpers@^7.13.0":
    version "7.13.0"
    resolved "https://registry.yarnpkg.com/@babel/helpers/-/helpers-7.13.0.tgz#7647ae57377b4f0408bf4f8a7af01c42e41badc0"
    dependencies:
      "@babel/template" "^7.12.13"
      "@babel/traverse" "^7.13.0"
      "@babel/types" "^7.13.0"
  
  "@babel/highlight@^7.12.13":
    version "7.13.8"
    resolved "https://registry.yarnpkg.com/@babel/highlight/-/highlight-7.13.8.tgz#10b2dac78526424dfc1f47650d0e415dfd9dc481"
    dependencies:
      "@babel/helper-validator-identifier" "^7.12.11"
      chalk "^2.0.0"
      js-tokens "^4.0.0"
  
  "@babel/parser@^7.12.13", "@babel/parser@^7.13.0", "@babel/parser@^7.13.4":
    version "7.13.9"
    resolved "https://registry.yarnpkg.com/@babel/parser/-/parser-7.13.9.tgz#ca34cb95e1c2dd126863a84465ae8ef66114be99"
  
  "@babel/plugin-proposal-async-generator-functions@^7.13.8":
    version "7.13.8"
    resolved "https://registry.yarnpkg.com/@babel/plugin-proposal-async-generator-functions/-/plugin-proposal-async-generator-functions-7.13.8.tgz#87aacb574b3bc4b5603f6fe41458d72a5a2ec4b1"
    dependencies:
      "@babel/helper-plugin-utils" "^7.13.0"
      "@babel/helper-remap-async-to-generator" "^7.13.0"
      "@babel/plugin-syntax-async-generators" "^7.8.4"
  
  "@babel/plugin-proposal-class-properties@^7.13.0":
    version "7.13.0"
    resolved "https://registry.yarnpkg.com/@babel/plugin-proposal-class-properties/-/plugin-proposal-class-properties-7.13.0.tgz#146376000b94efd001e57a40a88a525afaab9f37"
    dependencies:
      "@babel/helper-create-class-features-plugin" "^7.13.0"
      "@babel/helper-plugin-utils" "^7.13.0"
  
  "@babel/plugin-proposal-dynamic-import@^7.13.8":
    version "7.13.8"
    resolved "https://registry.yarnpkg.com/@babel/plugin-proposal-dynamic-import/-/plugin-proposal-dynamic-import-7.13.8.tgz#876a1f6966e1dec332e8c9451afda3bebcdf2e1d"
    dependencies:
      "@babel/helper-plugin-utils" "^7.13.0"
      "@babel/plugin-syntax-dynamic-import" "^7.8.3"
  
  "@babel/plugin-proposal-export-namespace-from@^7.12.13":
    version "7.12.13"
    resolved "https://registry.yarnpkg.com/@babel/plugin-proposal-export-namespace-from/-/plugin-proposal-export-namespace-from-7.12.13.tgz#393be47a4acd03fa2af6e3cde9b06e33de1b446d"
    dependencies:
      "@babel/helper-plugin-utils" "^7.12.13"
      "@babel/plugin-syntax-export-namespace-from" "^7.8.3"
  
  "@babel/plugin-proposal-json-strings@^7.13.8":
    version "7.13.8"
    resolved "https://registry.yarnpkg.com/@babel/plugin-proposal-json-strings/-/plugin-proposal-json-strings-7.13.8.tgz#bf1fb362547075afda3634ed31571c5901afef7b"
    dependencies:
      "@babel/helper-plugin-utils" "^7.13.0"
      "@babel/plugin-syntax-json-strings" "^7.8.3"
  
  "@babel/plugin-proposal-logical-assignment-operators@^7.13.8":
    version "7.13.8"
    resolved "https://registry.yarnpkg.com/@babel/plugin-proposal-logical-assignment-operators/-/plugin-proposal-logical-assignment-operators-7.13.8.tgz#93fa78d63857c40ce3c8c3315220fd00bfbb4e1a"
    dependencies:
      "@babel/helper-plugin-utils" "^7.13.0"
      "@babel/plugin-syntax-logical-assignment-operators" "^7.10.4"
  
  "@babel/plugin-proposal-nullish-coalescing-operator@^7.13.8":
    version "7.13.8"
    resolved "https://registry.yarnpkg.com/@babel/plugin-proposal-nullish-coalescing-operator/-/plugin-proposal-nullish-coalescing-operator-7.13.8.tgz#3730a31dafd3c10d8ccd10648ed80a2ac5472ef3"
    dependencies:
      "@babel/helper-plugin-utils" "^7.13.0"
      "@babel/plugin-syntax-nullish-coalescing-operator" "^7.8.3"
  
  "@babel/plugin-proposal-numeric-separator@^7.12.13":
    version "7.12.13"
    resolved "https://registry.yarnpkg.com/@babel/plugin-proposal-numeric-separator/-/plugin-proposal-numeric-separator-7.12.13.tgz#bd9da3188e787b5120b4f9d465a8261ce67ed1db"
    dependencies:
      "@babel/helper-plugin-utils" "^7.12.13"
      "@babel/plugin-syntax-numeric-separator" "^7.10.4"
  
  "@babel/plugin-proposal-object-rest-spread@^7.13.8":
    version "7.13.8"
    resolved "https://registry.yarnpkg.com/@babel/plugin-proposal-object-rest-spread/-/plugin-proposal-object-rest-spread-7.13.8.tgz#5d210a4d727d6ce3b18f9de82cc99a3964eed60a"
    dependencies:
      "@babel/compat-data" "^7.13.8"
      "@babel/helper-compilation-targets" "^7.13.8"
      "@babel/helper-plugin-utils" "^7.13.0"
      "@babel/plugin-syntax-object-rest-spread" "^7.8.3"
      "@babel/plugin-transform-parameters" "^7.13.0"
  
  "@babel/plugin-proposal-optional-catch-binding@^7.13.8":
    version "7.13.8"
    resolved "https://registry.yarnpkg.com/@babel/plugin-proposal-optional-catch-binding/-/plugin-proposal-optional-catch-binding-7.13.8.tgz#3ad6bd5901506ea996fc31bdcf3ccfa2bed71107"
    dependencies:
      "@babel/helper-plugin-utils" "^7.13.0"
      "@babel/plugin-syntax-optional-catch-binding" "^7.8.3"
  
  "@babel/plugin-proposal-optional-chaining@^7.13.8":
    version "7.13.8"
    resolved "https://registry.yarnpkg.com/@babel/plugin-proposal-optional-chaining/-/plugin-proposal-optional-chaining-7.13.8.tgz#e39df93efe7e7e621841babc197982e140e90756"
    dependencies:
      "@babel/helper-plugin-utils" "^7.13.0"
      "@babel/helper-skip-transparent-expression-wrappers" "^7.12.1"
      "@babel/plugin-syntax-optional-chaining" "^7.8.3"
  
  "@babel/plugin-proposal-private-methods@^7.13.0":
    version "7.13.0"
    resolved "https://registry.yarnpkg.com/@babel/plugin-proposal-private-methods/-/plugin-proposal-private-methods-7.13.0.tgz#04bd4c6d40f6e6bbfa2f57e2d8094bad900ef787"
    dependencies:
      "@babel/helper-create-class-features-plugin" "^7.13.0"
      "@babel/helper-plugin-utils" "^7.13.0"
  
  "@babel/plugin-proposal-unicode-property-regex@^7.12.13", "@babel/plugin-proposal-unicode-property-regex@^7.4.4":
    version "7.12.13"
    resolved "https://registry.yarnpkg.com/@babel/plugin-proposal-unicode-property-regex/-/plugin-proposal-unicode-property-regex-7.12.13.tgz#bebde51339be829c17aaaaced18641deb62b39ba"
    dependencies:
      "@babel/helper-create-regexp-features-plugin" "^7.12.13"
      "@babel/helper-plugin-utils" "^7.12.13"
  
  "@babel/plugin-syntax-async-generators@^7.8.4":
    version "7.8.4"
    resolved "https://registry.yarnpkg.com/@babel/plugin-syntax-async-generators/-/plugin-syntax-async-generators-7.8.4.tgz#a983fb1aeb2ec3f6ed042a210f640e90e786fe0d"
    dependencies:
      "@babel/helper-plugin-utils" "^7.8.0"
  
  "@babel/plugin-syntax-class-properties@^7.12.13":
    version "7.12.13"
    resolved "https://registry.yarnpkg.com/@babel/plugin-syntax-class-properties/-/plugin-syntax-class-properties-7.12.13.tgz#b5c987274c4a3a82b89714796931a6b53544ae10"
    dependencies:
      "@babel/helper-plugin-utils" "^7.12.13"
  
  "@babel/plugin-syntax-dynamic-import@^7.8.3":
    version "7.8.3"
    resolved "https://registry.yarnpkg.com/@babel/plugin-syntax-dynamic-import/-/plugin-syntax-dynamic-import-7.8.3.tgz#62bf98b2da3cd21d626154fc96ee5b3cb68eacb3"
    dependencies:
      "@babel/helper-plugin-utils" "^7.8.0"
  
  "@babel/plugin-syntax-export-namespace-from@^7.8.3":
    version "7.8.3"
    resolved "https://registry.yarnpkg.com/@babel/plugin-syntax-export-namespace-from/-/plugin-syntax-export-namespace-from-7.8.3.tgz#028964a9ba80dbc094c915c487ad7c4e7a66465a"
    dependencies:
      "@babel/helper-plugin-utils" "^7.8.3"
  
  "@babel/plugin-syntax-json-strings@^7.8.3":
    version "7.8.3"
    resolved "https://registry.yarnpkg.com/@babel/plugin-syntax-json-strings/-/plugin-syntax-json-strings-7.8.3.tgz#01ca21b668cd8218c9e640cb6dd88c5412b2c96a"
    dependencies:
      "@babel/helper-plugin-utils" "^7.8.0"
  
  "@babel/plugin-syntax-logical-assignment-operators@^7.10.4":
    version "7.10.4"
    resolved "https://registry.yarnpkg.com/@babel/plugin-syntax-logical-assignment-operators/-/plugin-syntax-logical-assignment-operators-7.10.4.tgz#ca91ef46303530448b906652bac2e9fe9941f699"
    dependencies:
      "@babel/helper-plugin-utils" "^7.10.4"
  
  "@babel/plugin-syntax-nullish-coalescing-operator@^7.8.3":
    version "7.8.3"
    resolved "https://registry.yarnpkg.com/@babel/plugin-syntax-nullish-coalescing-operator/-/plugin-syntax-nullish-coalescing-operator-7.8.3.tgz#167ed70368886081f74b5c36c65a88c03b66d1a9"
    dependencies:
      "@babel/helper-plugin-utils" "^7.8.0"
  
  "@babel/plugin-syntax-numeric-separator@^7.10.4":
    version "7.10.4"
    resolved "https://registry.yarnpkg.com/@babel/plugin-syntax-numeric-separator/-/plugin-syntax-numeric-separator-7.10.4.tgz#b9b070b3e33570cd9fd07ba7fa91c0dd37b9af97"
    dependencies:
      "@babel/helper-plugin-utils" "^7.10.4"
  
  "@babel/plugin-syntax-object-rest-spread@^7.8.3":
    version "7.8.3"
    resolved "https://registry.yarnpkg.com/@babel/plugin-syntax-object-rest-spread/-/plugin-syntax-object-rest-spread-7.8.3.tgz#60e225edcbd98a640332a2e72dd3e66f1af55871"
    dependencies:
      "@babel/helper-plugin-utils" "^7.8.0"
  
  "@babel/plugin-syntax-optional-catch-binding@^7.8.3":
    version "7.8.3"
    resolved "https://registry.yarnpkg.com/@babel/plugin-syntax-optional-catch-binding/-/plugin-syntax-optional-catch-binding-7.8.3.tgz#6111a265bcfb020eb9efd0fdfd7d26402b9ed6c1"
    dependencies:
      "@babel/helper-plugin-utils" "^7.8.0"
  
  "@babel/plugin-syntax-optional-chaining@^7.8.3":
    version "7.8.3"
    resolved "https://registry.yarnpkg.com/@babel/plugin-syntax-optional-chaining/-/plugin-syntax-optional-chaining-7.8.3.tgz#4f69c2ab95167e0180cd5336613f8c5788f7d48a"
    dependencies:
      "@babel/helper-plugin-utils" "^7.8.0"
  
  "@babel/plugin-syntax-top-level-await@^7.12.13":
    version "7.12.13"
    resolved "https://registry.yarnpkg.com/@babel/plugin-syntax-top-level-await/-/plugin-syntax-top-level-await-7.12.13.tgz#c5f0fa6e249f5b739727f923540cf7a806130178"
    dependencies:
      "@babel/helper-plugin-utils" "^7.12.13"
  
  "@babel/plugin-transform-arrow-functions@^7.13.0":
    version "7.13.0"
    resolved "https://registry.yarnpkg.com/@babel/plugin-transform-arrow-functions/-/plugin-transform-arrow-functions-7.13.0.tgz#10a59bebad52d637a027afa692e8d5ceff5e3dae"
    dependencies:
      "@babel/helper-plugin-utils" "^7.13.0"
  
  "@babel/plugin-transform-async-to-generator@^7.13.0":
    version "7.13.0"
    resolved "https://registry.yarnpkg.com/@babel/plugin-transform-async-to-generator/-/plugin-transform-async-to-generator-7.13.0.tgz#8e112bf6771b82bf1e974e5e26806c5c99aa516f"
    dependencies:
      "@babel/helper-module-imports" "^7.12.13"
      "@babel/helper-plugin-utils" "^7.13.0"
      "@babel/helper-remap-async-to-generator" "^7.13.0"
  
  "@babel/plugin-transform-block-scoped-functions@^7.12.13":
    version "7.12.13"
    resolved "https://registry.yarnpkg.com/@babel/plugin-transform-block-scoped-functions/-/plugin-transform-block-scoped-functions-7.12.13.tgz#a9bf1836f2a39b4eb6cf09967739de29ea4bf4c4"
    dependencies:
      "@babel/helper-plugin-utils" "^7.12.13"
  
  "@babel/plugin-transform-block-scoping@^7.12.13":
    version "7.12.13"
    resolved "https://registry.yarnpkg.com/@babel/plugin-transform-block-scoping/-/plugin-transform-block-scoping-7.12.13.tgz#f36e55076d06f41dfd78557ea039c1b581642e61"
    dependencies:
      "@babel/helper-plugin-utils" "^7.12.13"
  
  "@babel/plugin-transform-classes@^7.13.0":
    version "7.13.0"
    resolved "https://registry.yarnpkg.com/@babel/plugin-transform-classes/-/plugin-transform-classes-7.13.0.tgz#0265155075c42918bf4d3a4053134176ad9b533b"
    dependencies:
      "@babel/helper-annotate-as-pure" "^7.12.13"
      "@babel/helper-function-name" "^7.12.13"
      "@babel/helper-optimise-call-expression" "^7.12.13"
      "@babel/helper-plugin-utils" "^7.13.0"
      "@babel/helper-replace-supers" "^7.13.0"
      "@babel/helper-split-export-declaration" "^7.12.13"
      globals "^11.1.0"
  
  "@babel/plugin-transform-computed-properties@^7.13.0":
    version "7.13.0"
    resolved "https://registry.yarnpkg.com/@babel/plugin-transform-computed-properties/-/plugin-transform-computed-properties-7.13.0.tgz#845c6e8b9bb55376b1fa0b92ef0bdc8ea06644ed"
    dependencies:
      "@babel/helper-plugin-utils" "^7.13.0"
  
  "@babel/plugin-transform-destructuring@^7.13.0":
    version "7.13.0"
    resolved "https://registry.yarnpkg.com/@babel/plugin-transform-destructuring/-/plugin-transform-destructuring-7.13.0.tgz#c5dce270014d4e1ebb1d806116694c12b7028963"
    dependencies:
      "@babel/helper-plugin-utils" "^7.13.0"
  
  "@babel/plugin-transform-dotall-regex@^7.12.13", "@babel/plugin-transform-dotall-regex@^7.4.4":
    version "7.12.13"
    resolved "https://registry.yarnpkg.com/@babel/plugin-transform-dotall-regex/-/plugin-transform-dotall-regex-7.12.13.tgz#3f1601cc29905bfcb67f53910f197aeafebb25ad"
    dependencies:
      "@babel/helper-create-regexp-features-plugin" "^7.12.13"
      "@babel/helper-plugin-utils" "^7.12.13"
  
  "@babel/plugin-transform-duplicate-keys@^7.12.13":
    version "7.12.13"
    resolved "https://registry.yarnpkg.com/@babel/plugin-transform-duplicate-keys/-/plugin-transform-duplicate-keys-7.12.13.tgz#6f06b87a8b803fd928e54b81c258f0a0033904de"
    dependencies:
      "@babel/helper-plugin-utils" "^7.12.13"
  
  "@babel/plugin-transform-exponentiation-operator@^7.12.13":
    version "7.12.13"
    resolved "https://registry.yarnpkg.com/@babel/plugin-transform-exponentiation-operator/-/plugin-transform-exponentiation-operator-7.12.13.tgz#4d52390b9a273e651e4aba6aee49ef40e80cd0a1"
    dependencies:
      "@babel/helper-builder-binary-assignment-operator-visitor" "^7.12.13"
      "@babel/helper-plugin-utils" "^7.12.13"
  
  "@babel/plugin-transform-for-of@^7.13.0":
    version "7.13.0"
    resolved "https://registry.yarnpkg.com/@babel/plugin-transform-for-of/-/plugin-transform-for-of-7.13.0.tgz#c799f881a8091ac26b54867a845c3e97d2696062"
    dependencies:
      "@babel/helper-plugin-utils" "^7.13.0"
  
  "@babel/plugin-transform-function-name@^7.12.13":
    version "7.12.13"
    resolved "https://registry.yarnpkg.com/@babel/plugin-transform-function-name/-/plugin-transform-function-name-7.12.13.tgz#bb024452f9aaed861d374c8e7a24252ce3a50051"
    dependencies:
      "@babel/helper-function-name" "^7.12.13"
      "@babel/helper-plugin-utils" "^7.12.13"
  
  "@babel/plugin-transform-literals@^7.12.13":
    version "7.12.13"
    resolved "https://registry.yarnpkg.com/@babel/plugin-transform-literals/-/plugin-transform-literals-7.12.13.tgz#2ca45bafe4a820197cf315794a4d26560fe4bdb9"
    dependencies:
      "@babel/helper-plugin-utils" "^7.12.13"
  
  "@babel/plugin-transform-member-expression-literals@^7.12.13":
    version "7.12.13"
    resolved "https://registry.yarnpkg.com/@babel/plugin-transform-member-expression-literals/-/plugin-transform-member-expression-literals-7.12.13.tgz#5ffa66cd59b9e191314c9f1f803b938e8c081e40"
    dependencies:
      "@babel/helper-plugin-utils" "^7.12.13"
  
  "@babel/plugin-transform-modules-amd@^7.13.0":
    version "7.13.0"
    resolved "https://registry.yarnpkg.com/@babel/plugin-transform-modules-amd/-/plugin-transform-modules-amd-7.13.0.tgz#19f511d60e3d8753cc5a6d4e775d3a5184866cc3"
    dependencies:
      "@babel/helper-module-transforms" "^7.13.0"
      "@babel/helper-plugin-utils" "^7.13.0"
      babel-plugin-dynamic-import-node "^2.3.3"
  
  "@babel/plugin-transform-modules-commonjs@^7.13.8":
    version "7.13.8"
    resolved "https://registry.yarnpkg.com/@babel/plugin-transform-modules-commonjs/-/plugin-transform-modules-commonjs-7.13.8.tgz#7b01ad7c2dcf2275b06fa1781e00d13d420b3e1b"
    dependencies:
      "@babel/helper-module-transforms" "^7.13.0"
      "@babel/helper-plugin-utils" "^7.13.0"
      "@babel/helper-simple-access" "^7.12.13"
      babel-plugin-dynamic-import-node "^2.3.3"
  
  "@babel/plugin-transform-modules-systemjs@^7.13.8":
    version "7.13.8"
    resolved "https://registry.yarnpkg.com/@babel/plugin-transform-modules-systemjs/-/plugin-transform-modules-systemjs-7.13.8.tgz#6d066ee2bff3c7b3d60bf28dec169ad993831ae3"
    dependencies:
      "@babel/helper-hoist-variables" "^7.13.0"
      "@babel/helper-module-transforms" "^7.13.0"
      "@babel/helper-plugin-utils" "^7.13.0"
      "@babel/helper-validator-identifier" "^7.12.11"
      babel-plugin-dynamic-import-node "^2.3.3"
  
  "@babel/plugin-transform-modules-umd@^7.13.0":
    version "7.13.0"
    resolved "https://registry.yarnpkg.com/@babel/plugin-transform-modules-umd/-/plugin-transform-modules-umd-7.13.0.tgz#8a3d96a97d199705b9fd021580082af81c06e70b"
    dependencies:
      "@babel/helper-module-transforms" "^7.13.0"
      "@babel/helper-plugin-utils" "^7.13.0"
  
  "@babel/plugin-transform-named-capturing-groups-regex@^7.12.13":
    version "7.12.13"
    resolved "https://registry.yarnpkg.com/@babel/plugin-transform-named-capturing-groups-regex/-/plugin-transform-named-capturing-groups-regex-7.12.13.tgz#2213725a5f5bbbe364b50c3ba5998c9599c5c9d9"
    dependencies:
      "@babel/helper-create-regexp-features-plugin" "^7.12.13"
  
  "@babel/plugin-transform-new-target@^7.12.13":
    version "7.12.13"
    resolved "https://registry.yarnpkg.com/@babel/plugin-transform-new-target/-/plugin-transform-new-target-7.12.13.tgz#e22d8c3af24b150dd528cbd6e685e799bf1c351c"
    dependencies:
      "@babel/helper-plugin-utils" "^7.12.13"
  
  "@babel/plugin-transform-object-super@^7.12.13":
    version "7.12.13"
    resolved "https://registry.yarnpkg.com/@babel/plugin-transform-object-super/-/plugin-transform-object-super-7.12.13.tgz#b4416a2d63b8f7be314f3d349bd55a9c1b5171f7"
    dependencies:
      "@babel/helper-plugin-utils" "^7.12.13"
      "@babel/helper-replace-supers" "^7.12.13"
  
  "@babel/plugin-transform-parameters@^7.13.0":
    version "7.13.0"
    resolved "https://registry.yarnpkg.com/@babel/plugin-transform-parameters/-/plugin-transform-parameters-7.13.0.tgz#8fa7603e3097f9c0b7ca1a4821bc2fb52e9e5007"
    dependencies:
      "@babel/helper-plugin-utils" "^7.13.0"
  
  "@babel/plugin-transform-property-literals@^7.12.13":
    version "7.12.13"
    resolved "https://registry.yarnpkg.com/@babel/plugin-transform-property-literals/-/plugin-transform-property-literals-7.12.13.tgz#4e6a9e37864d8f1b3bc0e2dce7bf8857db8b1a81"
    dependencies:
      "@babel/helper-plugin-utils" "^7.12.13"
  
  "@babel/plugin-transform-regenerator@^7.12.13":
    version "7.12.13"
    resolved "https://registry.yarnpkg.com/@babel/plugin-transform-regenerator/-/plugin-transform-regenerator-7.12.13.tgz#b628bcc9c85260ac1aeb05b45bde25210194a2f5"
    dependencies:
      regenerator-transform "^0.14.2"
  
  "@babel/plugin-transform-reserved-words@^7.12.13":
    version "7.12.13"
    resolved "https://registry.yarnpkg.com/@babel/plugin-transform-reserved-words/-/plugin-transform-reserved-words-7.12.13.tgz#7d9988d4f06e0fe697ea1d9803188aa18b472695"
    dependencies:
      "@babel/helper-plugin-utils" "^7.12.13"
  
  "@babel/plugin-transform-shorthand-properties@^7.12.13":
    version "7.12.13"
    resolved "https://registry.yarnpkg.com/@babel/plugin-transform-shorthand-properties/-/plugin-transform-shorthand-properties-7.12.13.tgz#db755732b70c539d504c6390d9ce90fe64aff7ad"
    dependencies:
      "@babel/helper-plugin-utils" "^7.12.13"
  
  "@babel/plugin-transform-spread@^7.13.0":
    version "7.13.0"
    resolved "https://registry.yarnpkg.com/@babel/plugin-transform-spread/-/plugin-transform-spread-7.13.0.tgz#84887710e273c1815ace7ae459f6f42a5d31d5fd"
    dependencies:
      "@babel/helper-plugin-utils" "^7.13.0"
      "@babel/helper-skip-transparent-expression-wrappers" "^7.12.1"
  
  "@babel/plugin-transform-sticky-regex@^7.12.13":
    version "7.12.13"
    resolved "https://registry.yarnpkg.com/@babel/plugin-transform-sticky-regex/-/plugin-transform-sticky-regex-7.12.13.tgz#760ffd936face73f860ae646fb86ee82f3d06d1f"
    dependencies:
      "@babel/helper-plugin-utils" "^7.12.13"
  
  "@babel/plugin-transform-template-literals@^7.13.0":
    version "7.13.0"
    resolved "https://registry.yarnpkg.com/@babel/plugin-transform-template-literals/-/plugin-transform-template-literals-7.13.0.tgz#a36049127977ad94438dee7443598d1cefdf409d"
    dependencies:
      "@babel/helper-plugin-utils" "^7.13.0"
  
  "@babel/plugin-transform-typeof-symbol@^7.12.13":
    version "7.12.13"
    resolved "https://registry.yarnpkg.com/@babel/plugin-transform-typeof-symbol/-/plugin-transform-typeof-symbol-7.12.13.tgz#785dd67a1f2ea579d9c2be722de8c84cb85f5a7f"
    dependencies:
      "@babel/helper-plugin-utils" "^7.12.13"
  
  "@babel/plugin-transform-unicode-escapes@^7.12.13":
    version "7.12.13"
    resolved "https://registry.yarnpkg.com/@babel/plugin-transform-unicode-escapes/-/plugin-transform-unicode-escapes-7.12.13.tgz#840ced3b816d3b5127dd1d12dcedc5dead1a5e74"
    dependencies:
      "@babel/helper-plugin-utils" "^7.12.13"
  
  "@babel/plugin-transform-unicode-regex@^7.12.13":
    version "7.12.13"
    resolved "https://registry.yarnpkg.com/@babel/plugin-transform-unicode-regex/-/plugin-transform-unicode-regex-7.12.13.tgz#b52521685804e155b1202e83fc188d34bb70f5ac"
    dependencies:
      "@babel/helper-create-regexp-features-plugin" "^7.12.13"
      "@babel/helper-plugin-utils" "^7.12.13"
  
  "@babel/preset-env@^7.13.9":
    version "7.13.9"
    resolved "https://registry.yarnpkg.com/@babel/preset-env/-/preset-env-7.13.9.tgz#3ee5f233316b10d066d7f379c6d1e13a96853654"
    dependencies:
      "@babel/compat-data" "^7.13.8"
      "@babel/helper-compilation-targets" "^7.13.8"
      "@babel/helper-plugin-utils" "^7.13.0"
      "@babel/helper-validator-option" "^7.12.17"
      "@babel/plugin-proposal-async-generator-functions" "^7.13.8"
      "@babel/plugin-proposal-class-properties" "^7.13.0"
      "@babel/plugin-proposal-dynamic-import" "^7.13.8"
      "@babel/plugin-proposal-export-namespace-from" "^7.12.13"
      "@babel/plugin-proposal-json-strings" "^7.13.8"
      "@babel/plugin-proposal-logical-assignment-operators" "^7.13.8"
      "@babel/plugin-proposal-nullish-coalescing-operator" "^7.13.8"
      "@babel/plugin-proposal-numeric-separator" "^7.12.13"
      "@babel/plugin-proposal-object-rest-spread" "^7.13.8"
      "@babel/plugin-proposal-optional-catch-binding" "^7.13.8"
      "@babel/plugin-proposal-optional-chaining" "^7.13.8"
      "@babel/plugin-proposal-private-methods" "^7.13.0"
      "@babel/plugin-proposal-unicode-property-regex" "^7.12.13"
      "@babel/plugin-syntax-async-generators" "^7.8.4"
      "@babel/plugin-syntax-class-properties" "^7.12.13"
      "@babel/plugin-syntax-dynamic-import" "^7.8.3"
      "@babel/plugin-syntax-export-namespace-from" "^7.8.3"
      "@babel/plugin-syntax-json-strings" "^7.8.3"
      "@babel/plugin-syntax-logical-assignment-operators" "^7.10.4"
      "@babel/plugin-syntax-nullish-coalescing-operator" "^7.8.3"
      "@babel/plugin-syntax-numeric-separator" "^7.10.4"
      "@babel/plugin-syntax-object-rest-spread" "^7.8.3"
      "@babel/plugin-syntax-optional-catch-binding" "^7.8.3"
      "@babel/plugin-syntax-optional-chaining" "^7.8.3"
      "@babel/plugin-syntax-top-level-await" "^7.12.13"
      "@babel/plugin-transform-arrow-functions" "^7.13.0"
      "@babel/plugin-transform-async-to-generator" "^7.13.0"
      "@babel/plugin-transform-block-scoped-functions" "^7.12.13"
      "@babel/plugin-transform-block-scoping" "^7.12.13"
      "@babel/plugin-transform-classes" "^7.13.0"
      "@babel/plugin-transform-computed-properties" "^7.13.0"
      "@babel/plugin-transform-destructuring" "^7.13.0"
      "@babel/plugin-transform-dotall-regex" "^7.12.13"
      "@babel/plugin-transform-duplicate-keys" "^7.12.13"
      "@babel/plugin-transform-exponentiation-operator" "^7.12.13"
      "@babel/plugin-transform-for-of" "^7.13.0"
      "@babel/plugin-transform-function-name" "^7.12.13"
      "@babel/plugin-transform-literals" "^7.12.13"
      "@babel/plugin-transform-member-expression-literals" "^7.12.13"
      "@babel/plugin-transform-modules-amd" "^7.13.0"
      "@babel/plugin-transform-modules-commonjs" "^7.13.8"
      "@babel/plugin-transform-modules-systemjs" "^7.13.8"
      "@babel/plugin-transform-modules-umd" "^7.13.0"
      "@babel/plugin-transform-named-capturing-groups-regex" "^7.12.13"
      "@babel/plugin-transform-new-target" "^7.12.13"
      "@babel/plugin-transform-object-super" "^7.12.13"
      "@babel/plugin-transform-parameters" "^7.13.0"
      "@babel/plugin-transform-property-literals" "^7.12.13"
      "@babel/plugin-transform-regenerator" "^7.12.13"
      "@babel/plugin-transform-reserved-words" "^7.12.13"
      "@babel/plugin-transform-shorthand-properties" "^7.12.13"
      "@babel/plugin-transform-spread" "^7.13.0"
      "@babel/plugin-transform-sticky-regex" "^7.12.13"
      "@babel/plugin-transform-template-literals" "^7.13.0"
      "@babel/plugin-transform-typeof-symbol" "^7.12.13"
      "@babel/plugin-transform-unicode-escapes" "^7.12.13"
      "@babel/plugin-transform-unicode-regex" "^7.12.13"
      "@babel/preset-modules" "^0.1.4"
      "@babel/types" "^7.13.0"
      babel-plugin-polyfill-corejs2 "^0.1.4"
      babel-plugin-polyfill-corejs3 "^0.1.3"
      babel-plugin-polyfill-regenerator "^0.1.2"
      core-js-compat "^3.9.0"
      semver "^6.3.0"
  
  "@babel/preset-modules@^0.1.4":
    version "0.1.4"
    resolved "https://registry.yarnpkg.com/@babel/preset-modules/-/preset-modules-0.1.4.tgz#362f2b68c662842970fdb5e254ffc8fc1c2e415e"
    dependencies:
      "@babel/helper-plugin-utils" "^7.0.0"
      "@babel/plugin-proposal-unicode-property-regex" "^7.4.4"
      "@babel/plugin-transform-dotall-regex" "^7.4.4"
      "@babel/types" "^7.4.4"
      esutils "^2.0.2"
  
  "@babel/runtime@^7.8.4":
    version "7.13.9"
    resolved "https://registry.yarnpkg.com/@babel/runtime/-/runtime-7.13.9.tgz#97dbe2116e2630c489f22e0656decd60aaa1fcee"
    dependencies:
      regenerator-runtime "^0.13.4"
  
  "@babel/template@^7.12.13":
    version "7.12.13"
    resolved "https://registry.yarnpkg.com/@babel/template/-/template-7.12.13.tgz#530265be8a2589dbb37523844c5bcb55947fb327"
    dependencies:
      "@babel/code-frame" "^7.12.13"
      "@babel/parser" "^7.12.13"
      "@babel/types" "^7.12.13"
  
  "@babel/traverse@^7.13.0":
    version "7.13.0"
    resolved "https://registry.yarnpkg.com/@babel/traverse/-/traverse-7.13.0.tgz#6d95752475f86ee7ded06536de309a65fc8966cc"
    dependencies:
      "@babel/code-frame" "^7.12.13"
      "@babel/generator" "^7.13.0"
      "@babel/helper-function-name" "^7.12.13"
      "@babel/helper-split-export-declaration" "^7.12.13"
      "@babel/parser" "^7.13.0"
      "@babel/types" "^7.13.0"
      debug "^4.1.0"
      globals "^11.1.0"
      lodash "^4.17.19"
  
  "@babel/types@^7.12.1", "@babel/types@^7.12.13", "@babel/types@^7.13.0", "@babel/types@^7.4.4":
    version "7.13.0"
    resolved "https://registry.yarnpkg.com/@babel/types/-/types-7.13.0.tgz#74424d2816f0171b4100f0ab34e9a374efdf7f80"
    dependencies:
      "@babel/helper-validator-identifier" "^7.12.11"
      lodash "^4.17.19"
      to-fast-properties "^2.0.0"
  
  "@discoveryjs/json-ext@^0.5.0":
    version "0.5.2"
    resolved "https://registry.yarnpkg.com/@discoveryjs/json-ext/-/json-ext-0.5.2.tgz#8f03a22a04de437254e8ce8cc84ba39689288752"
  
  "@types/anymatch@*":
    version "1.3.1"
    resolved "https://registry.yarnpkg.com/@types/anymatch/-/anymatch-1.3.1.tgz#336badc1beecb9dacc38bea2cf32adf627a8421a"
  
  "@types/eslint-scope@^3.7.0":
    version "3.7.0"
    resolved "https://registry.yarnpkg.com/@types/eslint-scope/-/eslint-scope-3.7.0.tgz#4792816e31119ebd506902a482caec4951fabd86"
    dependencies:
      "@types/eslint" "*"
      "@types/estree" "*"
  
  "@types/eslint@*":
    version "7.2.7"
    resolved "https://registry.yarnpkg.com/@types/eslint/-/eslint-7.2.7.tgz#f7ef1cf0dceab0ae6f9a976a0a9af14ab1baca26"
    dependencies:
      "@types/estree" "*"
      "@types/json-schema" "*"
  
  "@types/estree@*", "@types/estree@^0.0.46":
    version "0.0.46"
    resolved "https://registry.yarnpkg.com/@types/estree/-/estree-0.0.46.tgz#0fb6bfbbeabd7a30880504993369c4bf1deab1fe"
  
  "@types/glob@^7.1.1":
    version "7.1.3"
    resolved "https://registry.yarnpkg.com/@types/glob/-/glob-7.1.3.tgz#e6ba80f36b7daad2c685acd9266382e68985c183"
    dependencies:
      "@types/minimatch" "*"
      "@types/node" "*"
  
  "@types/json-schema@*", "@types/json-schema@^7.0.5", "@types/json-schema@^7.0.6":
    version "7.0.7"
    resolved "https://registry.yarnpkg.com/@types/json-schema/-/json-schema-7.0.7.tgz#98a993516c859eb0d5c4c8f098317a9ea68db9ad"
  
  "@types/minimatch@*":
    version "3.0.3"
    resolved "https://registry.yarnpkg.com/@types/minimatch/-/minimatch-3.0.3.tgz#3dca0e3f33b200fc7d1139c0cd96c1268cadfd9d"
  
  "@types/node@*":
    version "14.14.32"
    resolved "https://registry.yarnpkg.com/@types/node/-/node-14.14.32.tgz#90c5c4a8d72bbbfe53033f122341343249183448"
  
  "@types/source-list-map@*":
    version "0.1.2"
    resolved "https://registry.yarnpkg.com/@types/source-list-map/-/source-list-map-0.1.2.tgz#0078836063ffaf17412349bba364087e0ac02ec9"
  
  "@types/tapable@*":
    version "1.0.6"
    resolved "https://registry.yarnpkg.com/@types/tapable/-/tapable-1.0.6.tgz#a9ca4b70a18b270ccb2bc0aaafefd1d486b7ea74"
  
  "@types/uglify-js@*":
    version "3.13.0"
    resolved "https://registry.yarnpkg.com/@types/uglify-js/-/uglify-js-3.13.0.tgz#1cad8df1fb0b143c5aba08de5712ea9d1ff71124"
    dependencies:
      source-map "^0.6.1"
  
  "@types/webpack-sources@*":
    version "2.1.0"
    resolved "https://registry.yarnpkg.com/@types/webpack-sources/-/webpack-sources-2.1.0.tgz#8882b0bd62d1e0ce62f183d0d01b72e6e82e8c10"
    dependencies:
      "@types/node" "*"
      "@types/source-list-map" "*"
      source-map "^0.7.3"
  
  "@types/webpack@^4.4.31":
    version "4.41.26"
    resolved "https://registry.yarnpkg.com/@types/webpack/-/webpack-4.41.26.tgz#27a30d7d531e16489f9c7607c747be6bc1a459ef"
    dependencies:
      "@types/anymatch" "*"
      "@types/node" "*"
      "@types/tapable" "*"
      "@types/uglify-js" "*"
      "@types/webpack-sources" "*"
      source-map "^0.6.0"
  
  "@webassemblyjs/ast@1.11.0":
    version "1.11.0"
    resolved "https://registry.yarnpkg.com/@webassemblyjs/ast/-/ast-1.11.0.tgz#a5aa679efdc9e51707a4207139da57920555961f"
    dependencies:
      "@webassemblyjs/helper-numbers" "1.11.0"
      "@webassemblyjs/helper-wasm-bytecode" "1.11.0"
  
  "@webassemblyjs/floating-point-hex-parser@1.11.0":
    version "1.11.0"
    resolved "https://registry.yarnpkg.com/@webassemblyjs/floating-point-hex-parser/-/floating-point-hex-parser-1.11.0.tgz#34d62052f453cd43101d72eab4966a022587947c"
  
  "@webassemblyjs/helper-api-error@1.11.0":
    version "1.11.0"
    resolved "https://registry.yarnpkg.com/@webassemblyjs/helper-api-error/-/helper-api-error-1.11.0.tgz#aaea8fb3b923f4aaa9b512ff541b013ffb68d2d4"
  
  "@webassemblyjs/helper-buffer@1.11.0":
    version "1.11.0"
    resolved "https://registry.yarnpkg.com/@webassemblyjs/helper-buffer/-/helper-buffer-1.11.0.tgz#d026c25d175e388a7dbda9694e91e743cbe9b642"
  
  "@webassemblyjs/helper-numbers@1.11.0":
    version "1.11.0"
    resolved "https://registry.yarnpkg.com/@webassemblyjs/helper-numbers/-/helper-numbers-1.11.0.tgz#7ab04172d54e312cc6ea4286d7d9fa27c88cd4f9"
    dependencies:
      "@webassemblyjs/floating-point-hex-parser" "1.11.0"
      "@webassemblyjs/helper-api-error" "1.11.0"
      "@xtuc/long" "4.2.2"
  
  "@webassemblyjs/helper-wasm-bytecode@1.11.0":
    version "1.11.0"
    resolved "https://registry.yarnpkg.com/@webassemblyjs/helper-wasm-bytecode/-/helper-wasm-bytecode-1.11.0.tgz#85fdcda4129902fe86f81abf7e7236953ec5a4e1"
  
  "@webassemblyjs/helper-wasm-section@1.11.0":
    version "1.11.0"
    resolved "https://registry.yarnpkg.com/@webassemblyjs/helper-wasm-section/-/helper-wasm-section-1.11.0.tgz#9ce2cc89300262509c801b4af113d1ca25c1a75b"
    dependencies:
      "@webassemblyjs/ast" "1.11.0"
      "@webassemblyjs/helper-buffer" "1.11.0"
      "@webassemblyjs/helper-wasm-bytecode" "1.11.0"
      "@webassemblyjs/wasm-gen" "1.11.0"
  
  "@webassemblyjs/ieee754@1.11.0":
    version "1.11.0"
    resolved "https://registry.yarnpkg.com/@webassemblyjs/ieee754/-/ieee754-1.11.0.tgz#46975d583f9828f5d094ac210e219441c4e6f5cf"
    dependencies:
      "@xtuc/ieee754" "^1.2.0"
  
  "@webassemblyjs/leb128@1.11.0":
    version "1.11.0"
    resolved "https://registry.yarnpkg.com/@webassemblyjs/leb128/-/leb128-1.11.0.tgz#f7353de1df38aa201cba9fb88b43f41f75ff403b"
    dependencies:
      "@xtuc/long" "4.2.2"
  
  "@webassemblyjs/utf8@1.11.0":
    version "1.11.0"
    resolved "https://registry.yarnpkg.com/@webassemblyjs/utf8/-/utf8-1.11.0.tgz#86e48f959cf49e0e5091f069a709b862f5a2cadf"
  
  "@webassemblyjs/wasm-edit@1.11.0":
    version "1.11.0"
    resolved "https://registry.yarnpkg.com/@webassemblyjs/wasm-edit/-/wasm-edit-1.11.0.tgz#ee4a5c9f677046a210542ae63897094c2027cb78"
    dependencies:
      "@webassemblyjs/ast" "1.11.0"
      "@webassemblyjs/helper-buffer" "1.11.0"
      "@webassemblyjs/helper-wasm-bytecode" "1.11.0"
      "@webassemblyjs/helper-wasm-section" "1.11.0"
      "@webassemblyjs/wasm-gen" "1.11.0"
      "@webassemblyjs/wasm-opt" "1.11.0"
      "@webassemblyjs/wasm-parser" "1.11.0"
      "@webassemblyjs/wast-printer" "1.11.0"
  
  "@webassemblyjs/wasm-gen@1.11.0":
    version "1.11.0"
    resolved "https://registry.yarnpkg.com/@webassemblyjs/wasm-gen/-/wasm-gen-1.11.0.tgz#3cdb35e70082d42a35166988dda64f24ceb97abe"
    dependencies:
      "@webassemblyjs/ast" "1.11.0"
      "@webassemblyjs/helper-wasm-bytecode" "1.11.0"
      "@webassemblyjs/ieee754" "1.11.0"
      "@webassemblyjs/leb128" "1.11.0"
      "@webassemblyjs/utf8" "1.11.0"
  
  "@webassemblyjs/wasm-opt@1.11.0":
    version "1.11.0"
    resolved "https://registry.yarnpkg.com/@webassemblyjs/wasm-opt/-/wasm-opt-1.11.0.tgz#1638ae188137f4bb031f568a413cd24d32f92978"
    dependencies:
      "@webassemblyjs/ast" "1.11.0"
      "@webassemblyjs/helper-buffer" "1.11.0"
      "@webassemblyjs/wasm-gen" "1.11.0"
      "@webassemblyjs/wasm-parser" "1.11.0"
  
  "@webassemblyjs/wasm-parser@1.11.0":
    version "1.11.0"
    resolved "https://registry.yarnpkg.com/@webassemblyjs/wasm-parser/-/wasm-parser-1.11.0.tgz#3e680b8830d5b13d1ec86cc42f38f3d4a7700754"
    dependencies:
      "@webassemblyjs/ast" "1.11.0"
      "@webassemblyjs/helper-api-error" "1.11.0"
      "@webassemblyjs/helper-wasm-bytecode" "1.11.0"
      "@webassemblyjs/ieee754" "1.11.0"
      "@webassemblyjs/leb128" "1.11.0"
      "@webassemblyjs/utf8" "1.11.0"
  
  "@webassemblyjs/wast-printer@1.11.0":
    version "1.11.0"
    resolved "https://registry.yarnpkg.com/@webassemblyjs/wast-printer/-/wast-printer-1.11.0.tgz#680d1f6a5365d6d401974a8e949e05474e1fab7e"
    dependencies:
      "@webassemblyjs/ast" "1.11.0"
      "@xtuc/long" "4.2.2"
  
  "@webpack-cli/configtest@^1.0.1":
    version "1.0.1"
    resolved "https://registry.yarnpkg.com/@webpack-cli/configtest/-/configtest-1.0.1.tgz#241aecfbdc715eee96bed447ed402e12ec171935"
  
  "@webpack-cli/info@^1.2.2":
    version "1.2.2"
    resolved "https://registry.yarnpkg.com/@webpack-cli/info/-/info-1.2.2.tgz#ef3c0cd947a1fa083e174a59cb74e0b6195c236c"
    dependencies:
      envinfo "^7.7.3"
  
  "@webpack-cli/serve@^1.3.0":
    version "1.3.0"
    resolved "https://registry.yarnpkg.com/@webpack-cli/serve/-/serve-1.3.0.tgz#2730c770f5f1f132767c63dcaaa4ec28f8c56a6c"
  
  "@xtuc/ieee754@^1.2.0":
    version "1.2.0"
    resolved "https://registry.yarnpkg.com/@xtuc/ieee754/-/ieee754-1.2.0.tgz#eef014a3145ae477a1cbc00cd1e552336dceb790"
  
  "@xtuc/long@4.2.2":
    version "4.2.2"
    resolved "https://registry.yarnpkg.com/@xtuc/long/-/long-4.2.2.tgz#d291c6a4e97989b5c61d9acf396ae4fe133a718d"
  
  acorn@^8.0.4:
    version "8.0.5"
    resolved "https://registry.yarnpkg.com/acorn/-/acorn-8.0.5.tgz#a3bfb872a74a6a7f661bc81b9849d9cac12601b7"
  
  ajv-keywords@^3.5.2:
    version "3.5.2"
    resolved "https://registry.yarnpkg.com/ajv-keywords/-/ajv-keywords-3.5.2.tgz#31f29da5ab6e00d1c2d329acf7b5929614d5014d"
  
  ajv@^6.12.4, ajv@^6.12.5:
    version "6.12.6"
    resolved "https://registry.yarnpkg.com/ajv/-/ajv-6.12.6.tgz#baf5a62e802b07d977034586f8c3baf5adf26df4"
    dependencies:
      fast-deep-equal "^3.1.1"
      fast-json-stable-stringify "^2.0.0"
      json-schema-traverse "^0.4.1"
      uri-js "^4.2.2"
  
  ansi-colors@^4.1.1:
    version "4.1.1"
    resolved "https://registry.yarnpkg.com/ansi-colors/-/ansi-colors-4.1.1.tgz#cbb9ae256bf750af1eab344f229aa27fe94ba348"
  
  ansi-styles@^3.2.1:
    version "3.2.1"
    resolved "https://registry.yarnpkg.com/ansi-styles/-/ansi-styles-3.2.1.tgz#41fbb20243e50b12be0f04b8dedbf07520ce841d"
    dependencies:
      color-convert "^1.9.0"
  
  array-union@^1.0.1:
    version "1.0.2"
    resolved "https://registry.yarnpkg.com/array-union/-/array-union-1.0.2.tgz#9a34410e4f4e3da23dea375be5be70f24778ec39"
    dependencies:
      array-uniq "^1.0.1"
  
  array-uniq@^1.0.1:
    version "1.0.3"
    resolved "https://registry.yarnpkg.com/array-uniq/-/array-uniq-1.0.3.tgz#af6ac877a25cc7f74e058894753858dfdb24fdb6"
  
  babel-loader@^8.2.2:
    version "8.2.2"
    resolved "https://registry.yarnpkg.com/babel-loader/-/babel-loader-8.2.2.tgz#9363ce84c10c9a40e6c753748e1441b60c8a0b81"
    dependencies:
      find-cache-dir "^3.3.1"
      loader-utils "^1.4.0"
      make-dir "^3.1.0"
      schema-utils "^2.6.5"
  
  babel-plugin-dynamic-import-node@^2.3.3:
    version "2.3.3"
    resolved "https://registry.yarnpkg.com/babel-plugin-dynamic-import-node/-/babel-plugin-dynamic-import-node-2.3.3.tgz#84fda19c976ec5c6defef57f9427b3def66e17a3"
    dependencies:
      object.assign "^4.1.0"
  
  babel-plugin-dynamic-import-webpack@^1.1.0:
    version "1.1.0"
    resolved "https://registry.yarnpkg.com/babel-plugin-dynamic-import-webpack/-/babel-plugin-dynamic-import-webpack-1.1.0.tgz#955306608cdae6191cd1d3f50cf93826ff69f4e1"
  
  babel-plugin-polyfill-corejs2@^0.1.4:
    version "0.1.10"
    resolved "https://registry.yarnpkg.com/babel-plugin-polyfill-corejs2/-/babel-plugin-polyfill-corejs2-0.1.10.tgz#a2c5c245f56c0cac3dbddbf0726a46b24f0f81d1"
    dependencies:
      "@babel/compat-data" "^7.13.0"
      "@babel/helper-define-polyfill-provider" "^0.1.5"
      semver "^6.1.1"
  
  babel-plugin-polyfill-corejs3@^0.1.3:
    version "0.1.7"
    resolved "https://registry.yarnpkg.com/babel-plugin-polyfill-corejs3/-/babel-plugin-polyfill-corejs3-0.1.7.tgz#80449d9d6f2274912e05d9e182b54816904befd0"
    dependencies:
      "@babel/helper-define-polyfill-provider" "^0.1.5"
      core-js-compat "^3.8.1"
  
  babel-plugin-polyfill-regenerator@^0.1.2:
    version "0.1.6"
    resolved "https://registry.yarnpkg.com/babel-plugin-polyfill-regenerator/-/babel-plugin-polyfill-regenerator-0.1.6.tgz#0fe06a026fe0faa628ccc8ba3302da0a6ce02f3f"
    dependencies:
      "@babel/helper-define-polyfill-provider" "^0.1.5"
  
  balanced-match@^1.0.0:
    version "1.0.0"
    resolved "https://registry.yarnpkg.com/balanced-match/-/balanced-match-1.0.0.tgz#89b4d199ab2bee49de164ea02b89ce462d71b767"
  
  big.js@^5.2.2:
    version "5.2.2"
    resolved "https://registry.yarnpkg.com/big.js/-/big.js-5.2.2.tgz#65f0af382f578bcdc742bd9c281e9cb2d7768328"
  
  brace-expansion@^1.1.7:
    version "1.1.11"
    resolved "https://registry.yarnpkg.com/brace-expansion/-/brace-expansion-1.1.11.tgz#3c7fcbf529d87226f3d2f52b966ff5271eb441dd"
    dependencies:
      balanced-match "^1.0.0"
      concat-map "0.0.1"
  
  browserslist@^4.14.5, browserslist@^4.16.3:
    version "4.16.3"
    resolved "https://registry.yarnpkg.com/browserslist/-/browserslist-4.16.3.tgz#340aa46940d7db878748567c5dea24a48ddf3717"
    dependencies:
      caniuse-lite "^1.0.30001181"
      colorette "^1.2.1"
      electron-to-chromium "^1.3.649"
      escalade "^3.1.1"
      node-releases "^1.1.70"
  
  buffer-from@^1.0.0:
    version "1.1.1"
    resolved "https://registry.yarnpkg.com/buffer-from/-/buffer-from-1.1.1.tgz#32713bc028f75c02fdb710d7c7bcec1f2c6070ef"
  
  call-bind@^1.0.0:
    version "1.0.2"
    resolved "https://registry.yarnpkg.com/call-bind/-/call-bind-1.0.2.tgz#b1d4e89e688119c3c9a903ad30abb2f6a919be3c"
    dependencies:
      function-bind "^1.1.1"
      get-intrinsic "^1.0.2"
  
  caniuse-lite@^1.0.30001181:
    version "1.0.30001196"
    resolved "https://registry.yarnpkg.com/caniuse-lite/-/caniuse-lite-1.0.30001196.tgz#00518a2044b1abf3e0df31fadbe5ed90b63f4e64"
  
  chalk@^2.0.0:
    version "2.4.2"
    resolved "https://registry.yarnpkg.com/chalk/-/chalk-2.4.2.tgz#cd42541677a54333cf541a49108c1432b44c9424"
    dependencies:
      ansi-styles "^3.2.1"
      escape-string-regexp "^1.0.5"
      supports-color "^5.3.0"
  
  chrome-trace-event@^1.0.2:
    version "1.0.2"
    resolved "https://registry.yarnpkg.com/chrome-trace-event/-/chrome-trace-event-1.0.2.tgz#234090ee97c7d4ad1a2c4beae27505deffc608a4"
    dependencies:
      tslib "^1.9.0"
  
  clean-webpack-plugin@^3.0.0:
    version "3.0.0"
    resolved "https://registry.yarnpkg.com/clean-webpack-plugin/-/clean-webpack-plugin-3.0.0.tgz#a99d8ec34c1c628a4541567aa7b457446460c62b"
    dependencies:
      "@types/webpack" "^4.4.31"
      del "^4.1.1"
  
  clone-deep@^4.0.1:
    version "4.0.1"
    resolved "https://registry.yarnpkg.com/clone-deep/-/clone-deep-4.0.1.tgz#c19fd9bdbbf85942b4fd979c84dcf7d5f07c2387"
    dependencies:
      is-plain-object "^2.0.4"
      kind-of "^6.0.2"
      shallow-clone "^3.0.0"
  
  color-convert@^1.9.0:
    version "1.9.3"
    resolved "https://registry.yarnpkg.com/color-convert/-/color-convert-1.9.3.tgz#bb71850690e1f136567de629d2d5471deda4c1e8"
    dependencies:
      color-name "1.1.3"
  
  color-name@1.1.3:
    version "1.1.3"
    resolved "https://registry.yarnpkg.com/color-name/-/color-name-1.1.3.tgz#a7d0558bd89c42f795dd42328f740831ca53bc25"
  
  colorette@^1.2.1:
    version "1.2.2"
    resolved "https://registry.yarnpkg.com/colorette/-/colorette-1.2.2.tgz#cbcc79d5e99caea2dbf10eb3a26fd8b3e6acfa94"
  
  commander@^2.20.0:
    version "2.20.3"
    resolved "https://registry.yarnpkg.com/commander/-/commander-2.20.3.tgz#fd485e84c03eb4881c20722ba48035e8531aeb33"
  
  commander@^7.0.0:
    version "7.1.0"
    resolved "https://registry.yarnpkg.com/commander/-/commander-7.1.0.tgz#f2eaecf131f10e36e07d894698226e36ae0eb5ff"
  
  commondir@^1.0.1:
    version "1.0.1"
    resolved "https://registry.yarnpkg.com/commondir/-/commondir-1.0.1.tgz#ddd800da0c66127393cca5950ea968a3aaf1253b"
  
  concat-map@0.0.1:
    version "0.0.1"
    resolved "https://registry.yarnpkg.com/concat-map/-/concat-map-0.0.1.tgz#d8a96bd77fd68df7793a73036a3ba0d5405d477b"
  
  convert-source-map@^1.7.0:
    version "1.7.0"
    resolved "https://registry.yarnpkg.com/convert-source-map/-/convert-source-map-1.7.0.tgz#17a2cb882d7f77d3490585e2ce6c524424a3a442"
    dependencies:
      safe-buffer "~5.1.1"
  
  core-js-compat@^3.8.1, core-js-compat@^3.9.0:
    version "3.9.1"
    resolved "https://registry.yarnpkg.com/core-js-compat/-/core-js-compat-3.9.1.tgz#4e572acfe90aff69d76d8c37759d21a5c59bb455"
    dependencies:
      browserslist "^4.16.3"
      semver "7.0.0"
  
  cross-spawn@^7.0.3:
    version "7.0.3"
    resolved "https://registry.yarnpkg.com/cross-spawn/-/cross-spawn-7.0.3.tgz#f73a85b9d5d41d045551c177e2882d4ac85728a6"
    dependencies:
      path-key "^3.1.0"
      shebang-command "^2.0.0"
      which "^2.0.1"
  
  debug@^4.1.0, debug@^4.1.1:
    version "4.3.1"
    resolved "https://registry.yarnpkg.com/debug/-/debug-4.3.1.tgz#f0d229c505e0c6d8c49ac553d1b13dc183f6b2ee"
    dependencies:
      ms "2.1.2"
  
  define-properties@^1.1.3:
    version "1.1.3"
    resolved "https://registry.yarnpkg.com/define-properties/-/define-properties-1.1.3.tgz#cf88da6cbee26fe6db7094f61d870cbd84cee9f1"
    dependencies:
      object-keys "^1.0.12"
  
  del@^4.1.1:
    version "4.1.1"
    resolved "https://registry.yarnpkg.com/del/-/del-4.1.1.tgz#9e8f117222ea44a31ff3a156c049b99052a9f0b4"
    dependencies:
      "@types/glob" "^7.1.1"
      globby "^6.1.0"
      is-path-cwd "^2.0.0"
      is-path-in-cwd "^2.0.0"
      p-map "^2.0.0"
      pify "^4.0.1"
      rimraf "^2.6.3"
  
  electron-to-chromium@^1.3.649:
    version "1.3.682"
    resolved "https://registry.yarnpkg.com/electron-to-chromium/-/electron-to-chromium-1.3.682.tgz#f4b5c8d4479df96b61e508a721d6c32c1262ef23"
  
  emojis-list@^3.0.0:
    version "3.0.0"
    resolved "https://registry.yarnpkg.com/emojis-list/-/emojis-list-3.0.0.tgz#5570662046ad29e2e916e71aae260abdff4f6a78"
  
  enhanced-resolve@^5.7.0:
    version "5.7.0"
    resolved "https://registry.yarnpkg.com/enhanced-resolve/-/enhanced-resolve-5.7.0.tgz#525c5d856680fbd5052de453ac83e32049958b5c"
    dependencies:
      graceful-fs "^4.2.4"
      tapable "^2.2.0"
  
  enquirer@^2.3.6:
    version "2.3.6"
    resolved "https://registry.yarnpkg.com/enquirer/-/enquirer-2.3.6.tgz#2a7fe5dd634a1e4125a975ec994ff5456dc3734d"
    dependencies:
      ansi-colors "^4.1.1"
  
  envinfo@^7.7.3:
    version "7.7.4"
    resolved "https://registry.yarnpkg.com/envinfo/-/envinfo-7.7.4.tgz#c6311cdd38a0e86808c1c9343f667e4267c4a320"
  
  es-module-lexer@^0.4.0:
    version "0.4.1"
    resolved "https://registry.yarnpkg.com/es-module-lexer/-/es-module-lexer-0.4.1.tgz#dda8c6a14d8f340a24e34331e0fab0cb50438e0e"
  
  escalade@^3.1.1:
    version "3.1.1"
    resolved "https://registry.yarnpkg.com/escalade/-/escalade-3.1.1.tgz#d8cfdc7000965c5a0174b4a82eaa5c0552742e40"
  
  escape-string-regexp@^1.0.5:
    version "1.0.5"
    resolved "https://registry.yarnpkg.com/escape-string-regexp/-/escape-string-regexp-1.0.5.tgz#1b61c0562190a8dff6ae3bb2cf0200ca130b86d4"
  
  eslint-scope@^5.1.1:
    version "5.1.1"
    resolved "https://registry.yarnpkg.com/eslint-scope/-/eslint-scope-5.1.1.tgz#e786e59a66cb92b3f6c1fb0d508aab174848f48c"
    dependencies:
      esrecurse "^4.3.0"
      estraverse "^4.1.1"
  
  esrecurse@^4.3.0:
    version "4.3.0"
    resolved "https://registry.yarnpkg.com/esrecurse/-/esrecurse-4.3.0.tgz#7ad7964d679abb28bee72cec63758b1c5d2c9921"
    dependencies:
      estraverse "^5.2.0"
  
  estraverse@^4.1.1:
    version "4.3.0"
    resolved "https://registry.yarnpkg.com/estraverse/-/estraverse-4.3.0.tgz#398ad3f3c5a24948be7725e83d11a7de28cdbd1d"
  
  estraverse@^5.2.0:
    version "5.2.0"
    resolved "https://registry.yarnpkg.com/estraverse/-/estraverse-5.2.0.tgz#307df42547e6cc7324d3cf03c155d5cdb8c53880"
  
  esutils@^2.0.2:
    version "2.0.3"
    resolved "https://registry.yarnpkg.com/esutils/-/esutils-2.0.3.tgz#74d2eb4de0b8da1293711910d50775b9b710ef64"
  
  events@^3.2.0:
    version "3.3.0"
    resolved "https://registry.yarnpkg.com/events/-/events-3.3.0.tgz#31a95ad0a924e2d2c419a813aeb2c4e878ea7400"
  
  execa@^5.0.0:
    version "5.0.0"
    resolved "https://registry.yarnpkg.com/execa/-/execa-5.0.0.tgz#4029b0007998a841fbd1032e5f4de86a3c1e3376"
    dependencies:
      cross-spawn "^7.0.3"
      get-stream "^6.0.0"
      human-signals "^2.1.0"
      is-stream "^2.0.0"
      merge-stream "^2.0.0"
      npm-run-path "^4.0.1"
      onetime "^5.1.2"
      signal-exit "^3.0.3"
      strip-final-newline "^2.0.0"
  
  fast-deep-equal@^3.1.1:
    version "3.1.3"
    resolved "https://registry.yarnpkg.com/fast-deep-equal/-/fast-deep-equal-3.1.3.tgz#3a7d56b559d6cbc3eb512325244e619a65c6c525"
  
  fast-json-stable-stringify@^2.0.0:
    version "2.1.0"
    resolved "https://registry.yarnpkg.com/fast-json-stable-stringify/-/fast-json-stable-stringify-2.1.0.tgz#874bf69c6f404c2b5d99c481341399fd55892633"
  
  fastest-levenshtein@^1.0.12:
    version "1.0.12"
    resolved "https://registry.yarnpkg.com/fastest-levenshtein/-/fastest-levenshtein-1.0.12.tgz#9990f7d3a88cc5a9ffd1f1745745251700d497e2"
  
  find-cache-dir@^3.3.1:
    version "3.3.1"
    resolved "https://registry.yarnpkg.com/find-cache-dir/-/find-cache-dir-3.3.1.tgz#89b33fad4a4670daa94f855f7fbe31d6d84fe880"
    dependencies:
      commondir "^1.0.1"
      make-dir "^3.0.2"
      pkg-dir "^4.1.0"
  
  find-up@^4.0.0:
    version "4.1.0"
    resolved "https://registry.yarnpkg.com/find-up/-/find-up-4.1.0.tgz#97afe7d6cdc0bc5928584b7c8d7b16e8a9aa5d19"
    dependencies:
      locate-path "^5.0.0"
      path-exists "^4.0.0"
  
  fs.realpath@^1.0.0:
    version "1.0.0"
    resolved "https://registry.yarnpkg.com/fs.realpath/-/fs.realpath-1.0.0.tgz#1504ad2523158caa40db4a2787cb01411994ea4f"
  
  function-bind@^1.1.1:
    version "1.1.1"
    resolved "https://registry.yarnpkg.com/function-bind/-/function-bind-1.1.1.tgz#a56899d3ea3c9bab874bb9773b7c5ede92f4895d"
  
  gensync@^1.0.0-beta.2:
    version "1.0.0-beta.2"
    resolved "https://registry.yarnpkg.com/gensync/-/gensync-1.0.0-beta.2.tgz#32a6ee76c3d7f52d46b2b1ae5d93fea8580a25e0"
  
  get-intrinsic@^1.0.2:
    version "1.1.1"
    resolved "https://registry.yarnpkg.com/get-intrinsic/-/get-intrinsic-1.1.1.tgz#15f59f376f855c446963948f0d24cd3637b4abc6"
    dependencies:
      function-bind "^1.1.1"
      has "^1.0.3"
      has-symbols "^1.0.1"
  
  get-stream@^6.0.0:
    version "6.0.0"
    resolved "https://registry.yarnpkg.com/get-stream/-/get-stream-6.0.0.tgz#3e0012cb6827319da2706e601a1583e8629a6718"
  
  glob-to-regexp@^0.4.1:
    version "0.4.1"
    resolved "https://registry.yarnpkg.com/glob-to-regexp/-/glob-to-regexp-0.4.1.tgz#c75297087c851b9a578bd217dd59a92f59fe546e"
  
  glob@^7.0.3, glob@^7.1.3:
    version "7.1.6"
    resolved "https://registry.yarnpkg.com/glob/-/glob-7.1.6.tgz#141f33b81a7c2492e125594307480c46679278a6"
    dependencies:
      fs.realpath "^1.0.0"
      inflight "^1.0.4"
      inherits "2"
      minimatch "^3.0.4"
      once "^1.3.0"
      path-is-absolute "^1.0.0"
  
  globals@^11.1.0:
    version "11.12.0"
    resolved "https://registry.yarnpkg.com/globals/-/globals-11.12.0.tgz#ab8795338868a0babd8525758018c2a7eb95c42e"
  
  globby@^6.1.0:
    version "6.1.0"
    resolved "https://registry.yarnpkg.com/globby/-/globby-6.1.0.tgz#f5a6d70e8395e21c858fb0489d64df02424d506c"
    dependencies:
      array-union "^1.0.1"
      glob "^7.0.3"
      object-assign "^4.0.1"
      pify "^2.0.0"
      pinkie-promise "^2.0.0"
  
  graceful-fs@^4.1.2, graceful-fs@^4.2.4:
    version "4.2.6"
    resolved "https://registry.yarnpkg.com/graceful-fs/-/graceful-fs-4.2.6.tgz#ff040b2b0853b23c3d31027523706f1885d76bee"
  
  has-flag@^3.0.0:
    version "3.0.0"
    resolved "https://registry.yarnpkg.com/has-flag/-/has-flag-3.0.0.tgz#b5d454dc2199ae225699f3467e5a07f3b955bafd"
  
  has-flag@^4.0.0:
    version "4.0.0"
    resolved "https://registry.yarnpkg.com/has-flag/-/has-flag-4.0.0.tgz#944771fd9c81c81265c4d6941860da06bb59479b"
  
  has-symbols@^1.0.1:
    version "1.0.2"
    resolved "https://registry.yarnpkg.com/has-symbols/-/has-symbols-1.0.2.tgz#165d3070c00309752a1236a479331e3ac56f1423"
  
  has@^1.0.3:
    version "1.0.3"
    resolved "https://registry.yarnpkg.com/has/-/has-1.0.3.tgz#722d7cbfc1f6aa8241f16dd814e011e1f41e8796"
    dependencies:
      function-bind "^1.1.1"
  
  human-signals@^2.1.0:
    version "2.1.0"
    resolved "https://registry.yarnpkg.com/human-signals/-/human-signals-2.1.0.tgz#dc91fcba42e4d06e4abaed33b3e7a3c02f514ea0"
  
  import-local@^3.0.2:
    version "3.0.2"
    resolved "https://registry.yarnpkg.com/import-local/-/import-local-3.0.2.tgz#a8cfd0431d1de4a2199703d003e3e62364fa6db6"
    dependencies:
      pkg-dir "^4.2.0"
      resolve-cwd "^3.0.0"
  
  inflight@^1.0.4:
    version "1.0.6"
    resolved "https://registry.yarnpkg.com/inflight/-/inflight-1.0.6.tgz#49bd6331d7d02d0c09bc910a1075ba8165b56df9"
    dependencies:
      once "^1.3.0"
      wrappy "1"
  
  inherits@2:
    version "2.0.4"
    resolved "https://registry.yarnpkg.com/inherits/-/inherits-2.0.4.tgz#0fa2c64f932917c3433a0ded55363aae37416b7c"
  
  interpret@^2.2.0:
    version "2.2.0"
    resolved "https://registry.yarnpkg.com/interpret/-/interpret-2.2.0.tgz#1a78a0b5965c40a5416d007ad6f50ad27c417df9"
  
  is-core-module@^2.2.0:
    version "2.2.0"
    resolved "https://registry.yarnpkg.com/is-core-module/-/is-core-module-2.2.0.tgz#97037ef3d52224d85163f5597b2b63d9afed981a"
    dependencies:
      has "^1.0.3"
  
  is-path-cwd@^2.0.0:
    version "2.2.0"
    resolved "https://registry.yarnpkg.com/is-path-cwd/-/is-path-cwd-2.2.0.tgz#67d43b82664a7b5191fd9119127eb300048a9fdb"
  
  is-path-in-cwd@^2.0.0:
    version "2.1.0"
    resolved "https://registry.yarnpkg.com/is-path-in-cwd/-/is-path-in-cwd-2.1.0.tgz#bfe2dca26c69f397265a4009963602935a053acb"
    dependencies:
      is-path-inside "^2.1.0"
  
  is-path-inside@^2.1.0:
    version "2.1.0"
    resolved "https://registry.yarnpkg.com/is-path-inside/-/is-path-inside-2.1.0.tgz#7c9810587d659a40d27bcdb4d5616eab059494b2"
    dependencies:
      path-is-inside "^1.0.2"
  
  is-plain-object@^2.0.4:
    version "2.0.4"
    resolved "https://registry.yarnpkg.com/is-plain-object/-/is-plain-object-2.0.4.tgz#2c163b3fafb1b606d9d17928f05c2a1c38e07677"
    dependencies:
      isobject "^3.0.1"
  
  is-stream@^2.0.0:
    version "2.0.0"
    resolved "https://registry.yarnpkg.com/is-stream/-/is-stream-2.0.0.tgz#bde9c32680d6fae04129d6ac9d921ce7815f78e3"
  
  isexe@^2.0.0:
    version "2.0.0"
    resolved "https://registry.yarnpkg.com/isexe/-/isexe-2.0.0.tgz#e8fbf374dc556ff8947a10dcb0572d633f2cfa10"
  
  isobject@^3.0.1:
    version "3.0.1"
    resolved "https://registry.yarnpkg.com/isobject/-/isobject-3.0.1.tgz#4e431e92b11a9731636aa1f9c8d1ccbcfdab78df"
  
  jest-worker@^26.6.2:
    version "26.6.2"
    resolved "https://registry.yarnpkg.com/jest-worker/-/jest-worker-26.6.2.tgz#7f72cbc4d643c365e27b9fd775f9d0eaa9c7a8ed"
    dependencies:
      "@types/node" "*"
      merge-stream "^2.0.0"
      supports-color "^7.0.0"
  
  js-tokens@^4.0.0:
    version "4.0.0"
    resolved "https://registry.yarnpkg.com/js-tokens/-/js-tokens-4.0.0.tgz#19203fb59991df98e3a287050d4647cdeaf32499"
  
  jsesc@^2.5.1:
    version "2.5.2"
    resolved "https://registry.yarnpkg.com/jsesc/-/jsesc-2.5.2.tgz#80564d2e483dacf6e8ef209650a67df3f0c283a4"
  
  jsesc@~0.5.0:
    version "0.5.0"
    resolved "https://registry.yarnpkg.com/jsesc/-/jsesc-0.5.0.tgz#e7dee66e35d6fc16f710fe91d5cf69f70f08911d"
  
  json-parse-better-errors@^1.0.2:
    version "1.0.2"
    resolved "https://registry.yarnpkg.com/json-parse-better-errors/-/json-parse-better-errors-1.0.2.tgz#bb867cfb3450e69107c131d1c514bab3dc8bcaa9"
  
  json-schema-traverse@^0.4.1:
    version "0.4.1"
    resolved "https://registry.yarnpkg.com/json-schema-traverse/-/json-schema-traverse-0.4.1.tgz#69f6a87d9513ab8bb8fe63bdb0979c448e684660"
  
  json5@^1.0.1:
    version "1.0.1"
    resolved "https://registry.yarnpkg.com/json5/-/json5-1.0.1.tgz#779fb0018604fa854eacbf6252180d83543e3dbe"
    dependencies:
      minimist "^1.2.0"
  
  json5@^2.1.2:
    version "2.2.0"
    resolved "https://registry.yarnpkg.com/json5/-/json5-2.2.0.tgz#2dfefe720c6ba525d9ebd909950f0515316c89a3"
    dependencies:
      minimist "^1.2.5"
  
  kind-of@^6.0.2:
    version "6.0.3"
    resolved "https://registry.yarnpkg.com/kind-of/-/kind-of-6.0.3.tgz#07c05034a6c349fa06e24fa35aa76db4580ce4dd"
  
  loader-runner@^4.2.0:
    version "4.2.0"
    resolved "https://registry.yarnpkg.com/loader-runner/-/loader-runner-4.2.0.tgz#d7022380d66d14c5fb1d496b89864ebcfd478384"
  
  loader-utils@^1.4.0:
    version "1.4.0"
    resolved "https://registry.yarnpkg.com/loader-utils/-/loader-utils-1.4.0.tgz#c579b5e34cb34b1a74edc6c1fb36bfa371d5a613"
    dependencies:
      big.js "^5.2.2"
      emojis-list "^3.0.0"
      json5 "^1.0.1"
  
  locate-path@^5.0.0:
    version "5.0.0"
    resolved "https://registry.yarnpkg.com/locate-path/-/locate-path-5.0.0.tgz#1afba396afd676a6d42504d0a67a3a7eb9f62aa0"
    dependencies:
      p-locate "^4.1.0"
  
  lodash.debounce@^4.0.8:
    version "4.0.8"
    resolved "https://registry.yarnpkg.com/lodash.debounce/-/lodash.debounce-4.0.8.tgz#82d79bff30a67c4005ffd5e2515300ad9ca4d7af"
  
  lodash@^4.17.19:
    version "4.17.21"
    resolved "https://registry.yarnpkg.com/lodash/-/lodash-4.17.21.tgz#679591c564c3bffaae8454cf0b3df370c3d6911c"
  
  make-dir@^3.0.2, make-dir@^3.1.0:
    version "3.1.0"
    resolved "https://registry.yarnpkg.com/make-dir/-/make-dir-3.1.0.tgz#415e967046b3a7f1d185277d84aa58203726a13f"
    dependencies:
      semver "^6.0.0"
  
  merge-stream@^2.0.0:
    version "2.0.0"
    resolved "https://registry.yarnpkg.com/merge-stream/-/merge-stream-2.0.0.tgz#52823629a14dd00c9770fb6ad47dc6310f2c1f60"
  
  mime-db@1.46.0:
    version "1.46.0"
    resolved "https://registry.yarnpkg.com/mime-db/-/mime-db-1.46.0.tgz#6267748a7f799594de3cbc8cde91def349661cee"
  
  mime-types@^2.1.27:
    version "2.1.29"
    resolved "https://registry.yarnpkg.com/mime-types/-/mime-types-2.1.29.tgz#1d4ab77da64b91f5f72489df29236563754bb1b2"
    dependencies:
      mime-db "1.46.0"
  
  mimic-fn@^2.1.0:
    version "2.1.0"
    resolved "https://registry.yarnpkg.com/mimic-fn/-/mimic-fn-2.1.0.tgz#7ed2c2ccccaf84d3ffcb7a69b57711fc2083401b"
  
  minimatch@^3.0.4:
    version "3.0.4"
    resolved "https://registry.yarnpkg.com/minimatch/-/minimatch-3.0.4.tgz#5166e286457f03306064be5497e8dbb0c3d32083"
    dependencies:
      brace-expansion "^1.1.7"
  
  minimist@^1.2.0, minimist@^1.2.5:
    version "1.2.5"
    resolved "https://registry.yarnpkg.com/minimist/-/minimist-1.2.5.tgz#67d66014b66a6a8aaa0c083c5fd58df4e4e97602"
  
  ms@2.1.2:
    version "2.1.2"
    resolved "https://registry.yarnpkg.com/ms/-/ms-2.1.2.tgz#d09d1f357b443f493382a8eb3ccd183872ae6009"
  
  neo-async@^2.6.2:
    version "2.6.2"
    resolved "https://registry.yarnpkg.com/neo-async/-/neo-async-2.6.2.tgz#b4aafb93e3aeb2d8174ca53cf163ab7d7308305f"
  
  node-releases@^1.1.70:
    version "1.1.71"
    resolved "https://registry.yarnpkg.com/node-releases/-/node-releases-1.1.71.tgz#cb1334b179896b1c89ecfdd4b725fb7bbdfc7dbb"
  
  npm-run-path@^4.0.1:
    version "4.0.1"
    resolved "https://registry.yarnpkg.com/npm-run-path/-/npm-run-path-4.0.1.tgz#b7ecd1e5ed53da8e37a55e1c2269e0b97ed748ea"
    dependencies:
      path-key "^3.0.0"
  
  object-assign@^4.0.1:
    version "4.1.1"
    resolved "https://registry.yarnpkg.com/object-assign/-/object-assign-4.1.1.tgz#2109adc7965887cfc05cbbd442cac8bfbb360863"
  
  object-keys@^1.0.12, object-keys@^1.1.1:
    version "1.1.1"
    resolved "https://registry.yarnpkg.com/object-keys/-/object-keys-1.1.1.tgz#1c47f272df277f3b1daf061677d9c82e2322c60e"
  
  object.assign@^4.1.0:
    version "4.1.2"
    resolved "https://registry.yarnpkg.com/object.assign/-/object.assign-4.1.2.tgz#0ed54a342eceb37b38ff76eb831a0e788cb63940"
    dependencies:
      call-bind "^1.0.0"
      define-properties "^1.1.3"
      has-symbols "^1.0.1"
      object-keys "^1.1.1"
  
  once@^1.3.0:
    version "1.4.0"
    resolved "https://registry.yarnpkg.com/once/-/once-1.4.0.tgz#583b1aa775961d4b113ac17d9c50baef9dd76bd1"
    dependencies:
      wrappy "1"
  
  onetime@^5.1.2:
    version "5.1.2"
    resolved "https://registry.yarnpkg.com/onetime/-/onetime-5.1.2.tgz#d0e96ebb56b07476df1dd9c4806e5237985ca45e"
    dependencies:
      mimic-fn "^2.1.0"
  
  p-limit@^2.2.0:
    version "2.3.0"
    resolved "https://registry.yarnpkg.com/p-limit/-/p-limit-2.3.0.tgz#3dd33c647a214fdfffd835933eb086da0dc21db1"
    dependencies:
      p-try "^2.0.0"
  
  p-limit@^3.1.0:
    version "3.1.0"
    resolved "https://registry.yarnpkg.com/p-limit/-/p-limit-3.1.0.tgz#e1daccbe78d0d1388ca18c64fea38e3e57e3706b"
    dependencies:
      yocto-queue "^0.1.0"
  
  p-locate@^4.1.0:
    version "4.1.0"
    resolved "https://registry.yarnpkg.com/p-locate/-/p-locate-4.1.0.tgz#a3428bb7088b3a60292f66919278b7c297ad4f07"
    dependencies:
      p-limit "^2.2.0"
  
  p-map@^2.0.0:
    version "2.1.0"
    resolved "https://registry.yarnpkg.com/p-map/-/p-map-2.1.0.tgz#310928feef9c9ecc65b68b17693018a665cea175"
  
  p-try@^2.0.0:
    version "2.2.0"
    resolved "https://registry.yarnpkg.com/p-try/-/p-try-2.2.0.tgz#cb2868540e313d61de58fafbe35ce9004d5540e6"
  
  path-exists@^4.0.0:
    version "4.0.0"
    resolved "https://registry.yarnpkg.com/path-exists/-/path-exists-4.0.0.tgz#513bdbe2d3b95d7762e8c1137efa195c6c61b5b3"
  
  path-is-absolute@^1.0.0:
    version "1.0.1"
    resolved "https://registry.yarnpkg.com/path-is-absolute/-/path-is-absolute-1.0.1.tgz#174b9268735534ffbc7ace6bf53a5a9e1b5c5f5f"
  
  path-is-inside@^1.0.2:
    version "1.0.2"
    resolved "https://registry.yarnpkg.com/path-is-inside/-/path-is-inside-1.0.2.tgz#365417dede44430d1c11af61027facf074bdfc53"
  
  path-key@^3.0.0, path-key@^3.1.0:
    version "3.1.1"
    resolved "https://registry.yarnpkg.com/path-key/-/path-key-3.1.1.tgz#581f6ade658cbba65a0d3380de7753295054f375"
  
  path-parse@^1.0.6:
    version "1.0.6"
    resolved "https://registry.yarnpkg.com/path-parse/-/path-parse-1.0.6.tgz#d62dbb5679405d72c4737ec58600e9ddcf06d24c"
  
  pify@^2.0.0:
    version "2.3.0"
    resolved "https://registry.yarnpkg.com/pify/-/pify-2.3.0.tgz#ed141a6ac043a849ea588498e7dca8b15330e90c"
  
  pify@^4.0.1:
    version "4.0.1"
    resolved "https://registry.yarnpkg.com/pify/-/pify-4.0.1.tgz#4b2cd25c50d598735c50292224fd8c6df41e3231"
  
  pinkie-promise@^2.0.0:
    version "2.0.1"
    resolved "https://registry.yarnpkg.com/pinkie-promise/-/pinkie-promise-2.0.1.tgz#2135d6dfa7a358c069ac9b178776288228450ffa"
    dependencies:
      pinkie "^2.0.0"
  
  pinkie@^2.0.0:
    version "2.0.4"
    resolved "https://registry.yarnpkg.com/pinkie/-/pinkie-2.0.4.tgz#72556b80cfa0d48a974e80e77248e80ed4f7f870"
  
  pkg-dir@^4.1.0, pkg-dir@^4.2.0:
    version "4.2.0"
    resolved "https://registry.yarnpkg.com/pkg-dir/-/pkg-dir-4.2.0.tgz#f099133df7ede422e81d1d8448270eeb3e4261f3"
    dependencies:
      find-up "^4.0.0"
  
  punycode@^2.1.0:
    version "2.1.1"
    resolved "https://registry.yarnpkg.com/punycode/-/punycode-2.1.1.tgz#b58b010ac40c22c5657616c8d2c2c02c7bf479ec"
  
  randombytes@^2.1.0:
    version "2.1.0"
    resolved "https://registry.yarnpkg.com/randombytes/-/randombytes-2.1.0.tgz#df6f84372f0270dc65cdf6291349ab7a473d4f2a"
    dependencies:
      safe-buffer "^5.1.0"
  
  rechoir@^0.7.0:
    version "0.7.0"
    resolved "https://registry.yarnpkg.com/rechoir/-/rechoir-0.7.0.tgz#32650fd52c21ab252aa5d65b19310441c7e03aca"
    dependencies:
      resolve "^1.9.0"
  
  regenerate-unicode-properties@^8.2.0:
    version "8.2.0"
    resolved "https://registry.yarnpkg.com/regenerate-unicode-properties/-/regenerate-unicode-properties-8.2.0.tgz#e5de7111d655e7ba60c057dbe9ff37c87e65cdec"
    dependencies:
      regenerate "^1.4.0"
  
  regenerate@^1.4.0:
    version "1.4.2"
    resolved "https://registry.yarnpkg.com/regenerate/-/regenerate-1.4.2.tgz#b9346d8827e8f5a32f7ba29637d398b69014848a"
  
  regenerator-runtime@^0.13.4:
    version "0.13.7"
    resolved "https://registry.yarnpkg.com/regenerator-runtime/-/regenerator-runtime-0.13.7.tgz#cac2dacc8a1ea675feaabaeb8ae833898ae46f55"
  
  regenerator-transform@^0.14.2:
    version "0.14.5"
    resolved "https://registry.yarnpkg.com/regenerator-transform/-/regenerator-transform-0.14.5.tgz#c98da154683671c9c4dcb16ece736517e1b7feb4"
    dependencies:
      "@babel/runtime" "^7.8.4"
  
  regexpu-core@^4.7.1:
    version "4.7.1"
    resolved "https://registry.yarnpkg.com/regexpu-core/-/regexpu-core-4.7.1.tgz#2dea5a9a07233298fbf0db91fa9abc4c6e0f8ad6"
    dependencies:
      regenerate "^1.4.0"
      regenerate-unicode-properties "^8.2.0"
      regjsgen "^0.5.1"
      regjsparser "^0.6.4"
      unicode-match-property-ecmascript "^1.0.4"
      unicode-match-property-value-ecmascript "^1.2.0"
  
  regjsgen@^0.5.1:
    version "0.5.2"
    resolved "https://registry.yarnpkg.com/regjsgen/-/regjsgen-0.5.2.tgz#92ff295fb1deecbf6ecdab2543d207e91aa33733"
  
  regjsparser@^0.6.4:
    version "0.6.7"
    resolved "https://registry.yarnpkg.com/regjsparser/-/regjsparser-0.6.7.tgz#c00164e1e6713c2e3ee641f1701c4b7aa0a7f86c"
    dependencies:
      jsesc "~0.5.0"
  
  resolve-cwd@^3.0.0:
    version "3.0.0"
    resolved "https://registry.yarnpkg.com/resolve-cwd/-/resolve-cwd-3.0.0.tgz#0f0075f1bb2544766cf73ba6a6e2adfebcb13f2d"
    dependencies:
      resolve-from "^5.0.0"
  
  resolve-from@^5.0.0:
    version "5.0.0"
    resolved "https://registry.yarnpkg.com/resolve-from/-/resolve-from-5.0.0.tgz#c35225843df8f776df21c57557bc087e9dfdfc69"
  
  resolve@^1.14.2, resolve@^1.9.0:
    version "1.20.0"
    resolved "https://registry.yarnpkg.com/resolve/-/resolve-1.20.0.tgz#629a013fb3f70755d6f0b7935cc1c2c5378b1975"
    dependencies:
      is-core-module "^2.2.0"
      path-parse "^1.0.6"
  
  rimraf@^2.6.3:
    version "2.7.1"
    resolved "https://registry.yarnpkg.com/rimraf/-/rimraf-2.7.1.tgz#35797f13a7fdadc566142c29d4f07ccad483e3ec"
    dependencies:
      glob "^7.1.3"
  
  safe-buffer@^5.1.0:
    version "5.2.1"
    resolved "https://registry.yarnpkg.com/safe-buffer/-/safe-buffer-5.2.1.tgz#1eaf9fa9bdb1fdd4ec75f58f9cdb4e6b7827eec6"
  
  safe-buffer@~5.1.1:
    version "5.1.2"
    resolved "https://registry.yarnpkg.com/safe-buffer/-/safe-buffer-5.1.2.tgz#991ec69d296e0313747d59bdfd2b745c35f8828d"
  
  schema-utils@^2.6.5:
    version "2.7.1"
    resolved "https://registry.yarnpkg.com/schema-utils/-/schema-utils-2.7.1.tgz#1ca4f32d1b24c590c203b8e7a50bf0ea4cd394d7"
    dependencies:
      "@types/json-schema" "^7.0.5"
      ajv "^6.12.4"
      ajv-keywords "^3.5.2"
  
  schema-utils@^3.0.0:
    version "3.0.0"
    resolved "https://registry.yarnpkg.com/schema-utils/-/schema-utils-3.0.0.tgz#67502f6aa2b66a2d4032b4279a2944978a0913ef"
    dependencies:
      "@types/json-schema" "^7.0.6"
      ajv "^6.12.5"
      ajv-keywords "^3.5.2"
  
  semver@7.0.0:
    version "7.0.0"
    resolved "https://registry.yarnpkg.com/semver/-/semver-7.0.0.tgz#5f3ca35761e47e05b206c6daff2cf814f0316b8e"
  
  semver@^6.0.0, semver@^6.1.1, semver@^6.1.2, semver@^6.3.0:
    version "6.3.0"
    resolved "https://registry.yarnpkg.com/semver/-/semver-6.3.0.tgz#ee0a64c8af5e8ceea67687b133761e1becbd1d3d"
  
  serialize-javascript@^5.0.1:
    version "5.0.1"
    resolved "https://registry.yarnpkg.com/serialize-javascript/-/serialize-javascript-5.0.1.tgz#7886ec848049a462467a97d3d918ebb2aaf934f4"
    dependencies:
      randombytes "^2.1.0"
  
  shallow-clone@^3.0.0:
    version "3.0.1"
    resolved "https://registry.yarnpkg.com/shallow-clone/-/shallow-clone-3.0.1.tgz#8f2981ad92531f55035b01fb230769a40e02efa3"
    dependencies:
      kind-of "^6.0.2"
  
  shebang-command@^2.0.0:
    version "2.0.0"
    resolved "https://registry.yarnpkg.com/shebang-command/-/shebang-command-2.0.0.tgz#ccd0af4f8835fbdc265b82461aaf0c36663f34ea"
    dependencies:
      shebang-regex "^3.0.0"
  
  shebang-regex@^3.0.0:
    version "3.0.0"
    resolved "https://registry.yarnpkg.com/shebang-regex/-/shebang-regex-3.0.0.tgz#ae16f1644d873ecad843b0307b143362d4c42172"
  
  signal-exit@^3.0.3:
    version "3.0.3"
    resolved "https://registry.yarnpkg.com/signal-exit/-/signal-exit-3.0.3.tgz#a1410c2edd8f077b08b4e253c8eacfcaf057461c"
  
  source-list-map@^2.0.1:
    version "2.0.1"
    resolved "https://registry.yarnpkg.com/source-list-map/-/source-list-map-2.0.1.tgz#3993bd873bfc48479cca9ea3a547835c7c154b34"
  
  source-map-support@~0.5.19:
    version "0.5.19"
    resolved "https://registry.yarnpkg.com/source-map-support/-/source-map-support-0.5.19.tgz#a98b62f86dcaf4f67399648c085291ab9e8fed61"
    dependencies:
      buffer-from "^1.0.0"
      source-map "^0.6.0"
  
  source-map@^0.5.0:
    version "0.5.7"
    resolved "https://registry.yarnpkg.com/source-map/-/source-map-0.5.7.tgz#8a039d2d1021d22d1ea14c80d8ea468ba2ef3fcc"
  
  source-map@^0.6.0, source-map@^0.6.1:
    version "0.6.1"
    resolved "https://registry.yarnpkg.com/source-map/-/source-map-0.6.1.tgz#74722af32e9614e9c287a8d0bbde48b5e2f1a263"
  
  source-map@^0.7.3, source-map@~0.7.2:
    version "0.7.3"
    resolved "https://registry.yarnpkg.com/source-map/-/source-map-0.7.3.tgz#5302f8169031735226544092e64981f751750383"
  
  strip-final-newline@^2.0.0:
    version "2.0.0"
    resolved "https://registry.yarnpkg.com/strip-final-newline/-/strip-final-newline-2.0.0.tgz#89b852fb2fcbe936f6f4b3187afb0a12c1ab58ad"
  
  supports-color@^5.3.0:
    version "5.5.0"
    resolved "https://registry.yarnpkg.com/supports-color/-/supports-color-5.5.0.tgz#e2e69a44ac8772f78a1ec0b35b689df6530efc8f"
    dependencies:
      has-flag "^3.0.0"
  
  supports-color@^7.0.0:
    version "7.2.0"
    resolved "https://registry.yarnpkg.com/supports-color/-/supports-color-7.2.0.tgz#1b7dcdcb32b8138801b3e478ba6a51caa89648da"
    dependencies:
      has-flag "^4.0.0"
  
  tapable@^2.1.1, tapable@^2.2.0:
    version "2.2.0"
    resolved "https://registry.yarnpkg.com/tapable/-/tapable-2.2.0.tgz#5c373d281d9c672848213d0e037d1c4165ab426b"
  
  terser-webpack-plugin@^5.1.1:
    version "5.1.1"
    resolved "https://registry.yarnpkg.com/terser-webpack-plugin/-/terser-webpack-plugin-5.1.1.tgz#7effadee06f7ecfa093dbbd3e9ab23f5f3ed8673"
    dependencies:
      jest-worker "^26.6.2"
      p-limit "^3.1.0"
      schema-utils "^3.0.0"
      serialize-javascript "^5.0.1"
      source-map "^0.6.1"
      terser "^5.5.1"
  
  terser@^5.5.1:
    version "5.6.0"
    resolved "https://registry.yarnpkg.com/terser/-/terser-5.6.0.tgz#138cdf21c5e3100b1b3ddfddf720962f88badcd2"
    dependencies:
      commander "^2.20.0"
      source-map "~0.7.2"
      source-map-support "~0.5.19"
  
  to-fast-properties@^2.0.0:
    version "2.0.0"
    resolved "https://registry.yarnpkg.com/to-fast-properties/-/to-fast-properties-2.0.0.tgz#dc5e698cbd079265bc73e0377681a4e4e83f616e"
  
  tslib@^1.9.0:
    version "1.14.1"
    resolved "https://registry.yarnpkg.com/tslib/-/tslib-1.14.1.tgz#cf2d38bdc34a134bcaf1091c41f6619e2f672d00"
  
  unicode-canonical-property-names-ecmascript@^1.0.4:
    version "1.0.4"
    resolved "https://registry.yarnpkg.com/unicode-canonical-property-names-ecmascript/-/unicode-canonical-property-names-ecmascript-1.0.4.tgz#2619800c4c825800efdd8343af7dd9933cbe2818"
  
  unicode-match-property-ecmascript@^1.0.4:
    version "1.0.4"
    resolved "https://registry.yarnpkg.com/unicode-match-property-ecmascript/-/unicode-match-property-ecmascript-1.0.4.tgz#8ed2a32569961bce9227d09cd3ffbb8fed5f020c"
    dependencies:
      unicode-canonical-property-names-ecmascript "^1.0.4"
      unicode-property-aliases-ecmascript "^1.0.4"
  
  unicode-match-property-value-ecmascript@^1.2.0:
    version "1.2.0"
    resolved "https://registry.yarnpkg.com/unicode-match-property-value-ecmascript/-/unicode-match-property-value-ecmascript-1.2.0.tgz#0d91f600eeeb3096aa962b1d6fc88876e64ea531"
  
  unicode-property-aliases-ecmascript@^1.0.4:
    version "1.1.0"
    resolved "https://registry.yarnpkg.com/unicode-property-aliases-ecmascript/-/unicode-property-aliases-ecmascript-1.1.0.tgz#dd57a99f6207bedff4628abefb94c50db941c8f4"
  
  uri-js@^4.2.2:
    version "4.4.1"
    resolved "https://registry.yarnpkg.com/uri-js/-/uri-js-4.4.1.tgz#9b1a52595225859e55f669d928f88c6c57f2a77e"
    dependencies:
      punycode "^2.1.0"
  
  v8-compile-cache@^2.2.0:
    version "2.3.0"
    resolved "https://registry.yarnpkg.com/v8-compile-cache/-/v8-compile-cache-2.3.0.tgz#2de19618c66dc247dcfb6f99338035d8245a2cee"
  
  watchpack@^2.0.0:
    version "2.1.1"
    resolved "https://registry.yarnpkg.com/watchpack/-/watchpack-2.1.1.tgz#e99630550fca07df9f90a06056987baa40a689c7"
    dependencies:
      glob-to-regexp "^0.4.1"
      graceful-fs "^4.1.2"
  
  webpack-cli@^4.5.0:
    version "4.5.0"
    resolved "https://registry.yarnpkg.com/webpack-cli/-/webpack-cli-4.5.0.tgz#b5213b84adf6e1f5de6391334c9fa53a48850466"
    dependencies:
      "@discoveryjs/json-ext" "^0.5.0"
      "@webpack-cli/configtest" "^1.0.1"
      "@webpack-cli/info" "^1.2.2"
      "@webpack-cli/serve" "^1.3.0"
      colorette "^1.2.1"
      commander "^7.0.0"
      enquirer "^2.3.6"
      execa "^5.0.0"
      fastest-levenshtein "^1.0.12"
      import-local "^3.0.2"
      interpret "^2.2.0"
      rechoir "^0.7.0"
      v8-compile-cache "^2.2.0"
      webpack-merge "^5.7.3"
  
  webpack-merge@^5.7.3:
    version "5.7.3"
    resolved "https://registry.yarnpkg.com/webpack-merge/-/webpack-merge-5.7.3.tgz#2a0754e1877a25a8bbab3d2475ca70a052708213"
    dependencies:
      clone-deep "^4.0.1"
      wildcard "^2.0.0"
  
  webpack-sources@^2.1.1:
    version "2.2.0"
    resolved "https://registry.yarnpkg.com/webpack-sources/-/webpack-sources-2.2.0.tgz#058926f39e3d443193b6c31547229806ffd02bac"
    dependencies:
      source-list-map "^2.0.1"
      source-map "^0.6.1"
  
  webpack@^5.24.3:
    version "5.24.3"
    resolved "https://registry.yarnpkg.com/webpack/-/webpack-5.24.3.tgz#6ec0f5059f8d7c7961075fa553cfce7b7928acb3"
    dependencies:
      "@types/eslint-scope" "^3.7.0"
      "@types/estree" "^0.0.46"
      "@webassemblyjs/ast" "1.11.0"
      "@webassemblyjs/wasm-edit" "1.11.0"
      "@webassemblyjs/wasm-parser" "1.11.0"
      acorn "^8.0.4"
      browserslist "^4.14.5"
      chrome-trace-event "^1.0.2"
      enhanced-resolve "^5.7.0"
      es-module-lexer "^0.4.0"
      eslint-scope "^5.1.1"
      events "^3.2.0"
      glob-to-regexp "^0.4.1"
      graceful-fs "^4.2.4"
      json-parse-better-errors "^1.0.2"
      loader-runner "^4.2.0"
      mime-types "^2.1.27"
      neo-async "^2.6.2"
      schema-utils "^3.0.0"
      tapable "^2.1.1"
      terser-webpack-plugin "^5.1.1"
      watchpack "^2.0.0"
      webpack-sources "^2.1.1"
  
  which@^2.0.1:
    version "2.0.2"
    resolved "https://registry.yarnpkg.com/which/-/which-2.0.2.tgz#7c6a8dd0a636a0327e10b59c9286eee93f3f51b1"
    dependencies:
      isexe "^2.0.0"
  
  wildcard@^2.0.0:
    version "2.0.0"
    resolved "https://registry.yarnpkg.com/wildcard/-/wildcard-2.0.0.tgz#a77d20e5200c6faaac979e4b3aadc7b3dd7f8fec"
  
  wrappy@1:
    version "1.0.2"
    resolved "https://registry.yarnpkg.com/wrappy/-/wrappy-1.0.2.tgz#b5243d8f3ec1aa35f1364605bc0d1036e30ab69f"
  
  yocto-queue@^0.1.0:
    version "0.1.0"
    resolved "https://registry.yarnpkg.com/yocto-queue/-/yocto-queue-0.1.0.tgz#0294eb3dee05028d31ee1a5fa2c556a6aaf10a1b"

Trace: 
  Error: https://registry.npmjs.org/global: ETIMEDOUT
      at Timeout._onTimeout (/usr/local/lib/node_modules/yarn/lib/cli.js:123749:19)
      at listOnTimeout (timers.js:324:15)
      at processTimers (timers.js:268:5)
